[ 2018-12-10T13:38:29+08:00 ] 127.0.0.1 127.0.0.1 GET /index.php/admin
[ log ] www.vita.com/index.php/admin [运行时间：0.642891s][吞吐率：1.56req/s] [内存消耗：1,043.34kb] [文件加载：38]
[ info ] [ LANG ] G:\u0umwr\thinkphp\lang\zh-cn.php
[ info ] [ ROUTE ] array (
  'type' => 'module',
  'module' => 
  array (
    0 => 'admin',
    1 => NULL,
    2 => NULL,
  ),
)
[ info ] [ HEADER ] array (
  'cookie' => 'pgv_pvi=6630516736',
  'accept-language' => 'zh-CN,zh;q=0.9',
  'accept-encoding' => 'gzip, deflate',
  'accept' => 'text/html,application/xhtml+xml,application/xml;q=0.9,image/webp,image/apng,*/*;q=0.8',
  'user-agent' => 'Mozilla/5.0 (Windows NT 10.0; Win64; x64) AppleWebKit/537.36 (KHTML, like Gecko) Chrome/70.0.3538.67 Safari/537.36',
  'upgrade-insecure-requests' => '1',
  'purpose' => 'prefetch',
  'connection' => 'close',
  'host' => 'www.vita.com',
)
[ info ] [ PARAM ] array (
)
[ info ] [ RUN ] app\admin\controller\Index->index[ G:\u0umwr\application\admin\controller\Index.php ]
[ info ] [ VIEW ] G:\u0umwr\public/../application/admin\view\index\index.html [ array (
) ]
[ info ] [ LOG ] INIT File

---------------------------------------------------------------
[ 2018-12-10T13:38:43+08:00 ] 127.0.0.1 127.0.0.1 GET /index.php/s=bis/login
[ log ] www.vita.com/index.php/s=bis/login [运行时间：0.471636s][吞吐率：2.12req/s] [内存消耗：758.07kb] [文件加载：30]
[ info ] [ LANG ] G:\u0umwr\thinkphp\lang\zh-cn.php
[ info ] [ ROUTE ] array (
  'type' => 'module',
  'module' => 
  array (
    0 => 's=bis',
    1 => 'login',
    2 => NULL,
  ),
)
[ info ] [ HEADER ] array (
  'cookie' => 'pgv_pvi=6630516736',
  'accept-language' => 'zh-CN,zh;q=0.9',
  'accept-encoding' => 'gzip, deflate',
  'accept' => 'text/html,application/xhtml+xml,application/xml;q=0.9,image/webp,image/apng,*/*;q=0.8',
  'user-agent' => 'Mozilla/5.0 (Windows NT 10.0; Win64; x64) AppleWebKit/537.36 (KHTML, like Gecko) Chrome/70.0.3538.67 Safari/537.36',
  'upgrade-insecure-requests' => '1',
  'connection' => 'close',
  'host' => 'www.vita.com',
)
[ info ] [ PARAM ] array (
)
[ info ] [ LOG ] INIT File

---------------------------------------------------------------
[ 2018-12-10T13:38:57+08:00 ] 127.0.0.1 127.0.0.1 GET /index.php/s=bis/login.html
[ log ] www.vita.com/index.php/s=bis/login.html [运行时间：0.021787s][吞吐率：45.90req/s] [内存消耗：758.12kb] [文件加载：30]
[ info ] [ LANG ] G:\u0umwr\thinkphp\lang\zh-cn.php
[ info ] [ ROUTE ] array (
  'type' => 'module',
  'module' => 
  array (
    0 => 's=bis',
    1 => 'login',
    2 => NULL,
  ),
)
[ info ] [ HEADER ] array (
  'cookie' => 'pgv_pvi=6630516736',
  'accept-language' => 'zh-CN,zh;q=0.9',
  'accept-encoding' => 'gzip, deflate',
  'accept' => 'text/html,application/xhtml+xml,application/xml;q=0.9,image/webp,image/apng,*/*;q=0.8',
  'user-agent' => 'Mozilla/5.0 (Windows NT 10.0; Win64; x64) AppleWebKit/537.36 (KHTML, like Gecko) Chrome/70.0.3538.67 Safari/537.36',
  'upgrade-insecure-requests' => '1',
  'connection' => 'close',
  'host' => 'www.vita.com',
)
[ info ] [ PARAM ] array (
)
[ info ] [ LOG ] INIT File

---------------------------------------------------------------
[ 2018-12-10T13:39:07+08:00 ] 127.0.0.1 127.0.0.1 GET /index.php?s=bis/login.html
[ log ] www.vita.com/index.php?s=bis/login.html [运行时间：0.189787s][吞吐率：5.27req/s] [内存消耗：1,157.88kb] [文件加载：38]
[ info ] [ LANG ] G:\u0umwr\thinkphp\lang\zh-cn.php
[ info ] [ ROUTE ] array (
  'type' => 'module',
  'module' => 
  array (
    0 => 'bis',
    1 => 'login',
    2 => NULL,
  ),
)
[ info ] [ HEADER ] array (
  'cookie' => 'pgv_pvi=6630516736',
  'accept-language' => 'zh-CN,zh;q=0.9',
  'accept-encoding' => 'gzip, deflate',
  'accept' => 'text/html,application/xhtml+xml,application/xml;q=0.9,image/webp,image/apng,*/*;q=0.8',
  'user-agent' => 'Mozilla/5.0 (Windows NT 10.0; Win64; x64) AppleWebKit/537.36 (KHTML, like Gecko) Chrome/70.0.3538.67 Safari/537.36',
  'upgrade-insecure-requests' => '1',
  'connection' => 'close',
  'host' => 'www.vita.com',
)
[ info ] [ PARAM ] array (
)
[ info ] [ RUN ] app\bis\controller\Login->index[ G:\u0umwr\application\bis\controller\Login.php ]
[ info ] [ VIEW ] G:\u0umwr\public/../application/bis\view\login\index.html [ array (
) ]
[ info ] [ LOG ] INIT File

---------------------------------------------------------------
[ 2018-12-10T13:39:10+08:00 ] 127.0.0.1 127.0.0.1 GET /index.php/bis/register/index.html
[ log ] www.vita.com/index.php/bis/register/index.html [运行时间：0.323698s][吞吐率：3.09req/s] [内存消耗：1,789.88kb] [文件加载：46]
[ info ] [ LANG ] G:\u0umwr\thinkphp\lang\zh-cn.php
[ info ] [ ROUTE ] array (
  'type' => 'module',
  'module' => 
  array (
    0 => 'bis',
    1 => 'register',
    2 => 'index',
  ),
)
[ info ] [ HEADER ] array (
  'cookie' => 'pgv_pvi=6630516736',
  'accept-language' => 'zh-CN,zh;q=0.9',
  'accept-encoding' => 'gzip, deflate',
  'referer' => 'http://www.vita.com/index.php?s=bis/login.html',
  'accept' => 'text/html,application/xhtml+xml,application/xml;q=0.9,image/webp,image/apng,*/*;q=0.8',
  'user-agent' => 'Mozilla/5.0 (Windows NT 10.0; Win64; x64) AppleWebKit/537.36 (KHTML, like Gecko) Chrome/70.0.3538.67 Safari/537.36',
  'upgrade-insecure-requests' => '1',
  'connection' => 'close',
  'host' => 'www.vita.com',
)
[ info ] [ PARAM ] array (
)
[ info ] [ RUN ] app\bis\controller\Register->index[ G:\u0umwr\application\bis\controller\Register.php ]
[ info ] [ DB ] INIT mysql
[ info ] [ VIEW ] G:\u0umwr\public/../application/bis\view\register\index.html [ array (
  0 => 'citys',
  1 => 'categorys',
) ]
[ info ] [ LOG ] INIT File
[ sql ] [ DB ] CONNECT:[ UseTime:0.025698s ] mysql:dbname=o2o;host=127.0.0.1;port=3306;charset=utf8
[ sql ] [ SQL ] SHOW COLUMNS FROM `o2o_city` [ RunTime:0.111751s ]
[ sql ] [ SQL ] SELECT * FROM `o2o_city` WHERE  `status` = 1  AND `parent_id` = 0 ORDER BY `id`  desc [ RunTime:0.023969s ]
[ sql ] [ SQL ] SHOW COLUMNS FROM `o2o_category` [ RunTime:0.099656s ]
[ sql ] [ SQL ] SELECT * FROM `o2o_category` WHERE  `status` = 1  AND `parent_id` = 0 ORDER BY `id`  desc [ RunTime:0.000576s ]

---------------------------------------------------------------
[ 2018-12-10T15:23:38+08:00 ] 127.0.0.1 127.0.0.1 POST /index.php/api/category/getcategorybyparentid.html
[ log ] www.vita.com/index.php/api/category/getcategorybyparentid.html [运行时间：0.288966s][吞吐率：3.46req/s] [内存消耗：1,724.90kb] [文件加载：46]
[ info ] [ LANG ] G:\u0umwr\thinkphp\lang\zh-cn.php
[ info ] [ ROUTE ] array (
  'type' => 'module',
  'module' => 
  array (
    0 => 'api',
    1 => 'category',
    2 => 'getcategorybyparentid',
  ),
)
[ info ] [ HEADER ] array (
  'cookie' => 'pgv_pvi=6630516736',
  'accept-language' => 'zh-CN,zh;q=0.9',
  'accept-encoding' => 'gzip, deflate',
  'referer' => 'http://www.vita.com/index.php/bis/register/index.html',
  'content-type' => 'application/x-www-form-urlencoded; charset=UTF-8',
  'user-agent' => 'Mozilla/5.0 (Windows NT 10.0; Win64; x64) AppleWebKit/537.36 (KHTML, like Gecko) Chrome/70.0.3538.67 Safari/537.36',
  'x-requested-with' => 'XMLHttpRequest',
  'origin' => 'http://www.vita.com',
  'accept' => 'application/json, text/javascript, */*; q=0.01',
  'content-length' => '4',
  'connection' => 'close',
  'host' => 'www.vita.com',
)
[ info ] [ PARAM ] array (
  'id' => '6',
)
[ info ] [ DB ] INIT mysql
[ info ] [ RUN ] app\api\controller\Category->getCategoryByParentId[ G:\u0umwr\application\api\controller\Category.php ]
[ info ] [ LOG ] INIT File
[ sql ] [ DB ] CONNECT:[ UseTime:0.029648s ] mysql:dbname=o2o;host=127.0.0.1;port=3306;charset=utf8
[ sql ] [ SQL ] SHOW COLUMNS FROM `o2o_category` [ RunTime:0.034240s ]
[ sql ] [ SQL ] SELECT * FROM `o2o_category` WHERE  `status` = 1  AND `parent_id` = 6 ORDER BY `id`  desc [ RunTime:0.029147s ]

---------------------------------------------------------------
[ 2018-12-10T15:23:40+08:00 ] 127.0.0.1 127.0.0.1 POST /index.php/api/category/getcategorybyparentid.html
[ log ] www.vita.com/index.php/api/category/getcategorybyparentid.html [运行时间：0.064404s][吞吐率：15.53req/s] [内存消耗：1,724.53kb] [文件加载：46]
[ info ] [ LANG ] G:\u0umwr\thinkphp\lang\zh-cn.php
[ info ] [ ROUTE ] array (
  'type' => 'module',
  'module' => 
  array (
    0 => 'api',
    1 => 'category',
    2 => 'getcategorybyparentid',
  ),
)
[ info ] [ HEADER ] array (
  'cookie' => 'pgv_pvi=6630516736',
  'accept-language' => 'zh-CN,zh;q=0.9',
  'accept-encoding' => 'gzip, deflate',
  'referer' => 'http://www.vita.com/index.php/bis/register/index.html',
  'content-type' => 'application/x-www-form-urlencoded; charset=UTF-8',
  'user-agent' => 'Mozilla/5.0 (Windows NT 10.0; Win64; x64) AppleWebKit/537.36 (KHTML, like Gecko) Chrome/70.0.3538.67 Safari/537.36',
  'x-requested-with' => 'XMLHttpRequest',
  'origin' => 'http://www.vita.com',
  'accept' => 'application/json, text/javascript, */*; q=0.01',
  'content-length' => '4',
  'connection' => 'close',
  'host' => 'www.vita.com',
)
[ info ] [ PARAM ] array (
  'id' => '5',
)
[ info ] [ DB ] INIT mysql
[ info ] [ RUN ] app\api\controller\Category->getCategoryByParentId[ G:\u0umwr\application\api\controller\Category.php ]
[ info ] [ LOG ] INIT File
[ sql ] [ DB ] CONNECT:[ UseTime:0.001155s ] mysql:dbname=o2o;host=127.0.0.1;port=3306;charset=utf8
[ sql ] [ SQL ] SHOW COLUMNS FROM `o2o_category` [ RunTime:0.027237s ]
[ sql ] [ SQL ] SELECT * FROM `o2o_category` WHERE  `status` = 1  AND `parent_id` = 5 ORDER BY `id`  desc [ RunTime:0.000641s ]

---------------------------------------------------------------
[ 2018-12-10T15:24:05+08:00 ] 127.0.0.1 127.0.0.1 GET /index.php/admin/index.html
[ log ] www.vita.com/index.php/admin/index.html [运行时间：0.055895s][吞吐率：17.89req/s] [内存消耗：1,043.05kb] [文件加载：38]
[ info ] [ LANG ] G:\u0umwr\thinkphp\lang\zh-cn.php
[ info ] [ ROUTE ] array (
  'type' => 'module',
  'module' => 
  array (
    0 => 'admin',
    1 => 'index',
    2 => NULL,
  ),
)
[ info ] [ HEADER ] array (
  'cookie' => 'pgv_pvi=6630516736',
  'accept-language' => 'zh-CN,zh;q=0.9',
  'accept-encoding' => 'gzip, deflate',
  'accept' => 'text/html,application/xhtml+xml,application/xml;q=0.9,image/webp,image/apng,*/*;q=0.8',
  'user-agent' => 'Mozilla/5.0 (Windows NT 10.0; Win64; x64) AppleWebKit/537.36 (KHTML, like Gecko) Chrome/70.0.3538.67 Safari/537.36',
  'upgrade-insecure-requests' => '1',
  'connection' => 'close',
  'host' => 'www.vita.com',
)
[ info ] [ PARAM ] array (
)
[ info ] [ RUN ] app\admin\controller\Index->index[ G:\u0umwr\application\admin\controller\Index.php ]
[ info ] [ VIEW ] G:\u0umwr\public/../application/admin\view\index\index.html [ array (
) ]
[ info ] [ LOG ] INIT File

---------------------------------------------------------------
[ 2018-12-10T15:24:05+08:00 ] 127.0.0.1 127.0.0.1 GET /index.php/admin/index/welcome.html
[ log ] www.vita.com/index.php/admin/index/welcome.html [运行时间：0.377440s][吞吐率：2.65req/s] [内存消耗：1,029.37kb] [文件加载：40]
[ info ] [ LANG ] G:\u0umwr\thinkphp\lang\zh-cn.php
[ info ] [ ROUTE ] array (
  'type' => 'module',
  'module' => 
  array (
    0 => 'admin',
    1 => 'index',
    2 => 'welcome',
  ),
)
[ info ] [ HEADER ] array (
  'cookie' => 'pgv_pvi=6630516736',
  'accept-language' => 'zh-CN,zh;q=0.9',
  'accept-encoding' => 'gzip, deflate',
  'referer' => 'http://www.vita.com/index.php/admin/index.html',
  'accept' => 'text/html,application/xhtml+xml,application/xml;q=0.9,image/webp,image/apng,*/*;q=0.8',
  'user-agent' => 'Mozilla/5.0 (Windows NT 10.0; Win64; x64) AppleWebKit/537.36 (KHTML, like Gecko) Chrome/70.0.3538.67 Safari/537.36',
  'upgrade-insecure-requests' => '1',
  'connection' => 'close',
  'host' => 'www.vita.com',
)
[ info ] [ PARAM ] array (
)
[ info ] [ RUN ] app\admin\controller\Index->welcome[ G:\u0umwr\application\admin\controller\Index.php ]
[ info ] [ LOG ] INIT File
[ error ] [0]致命错误: Class 'phpmailer\PHPMailer' not found[G:\u0umwr\extend\phpmailer\Email.php:23]

---------------------------------------------------------------
[ 2018-12-10T15:24:13+08:00 ] 127.0.0.1 127.0.0.1 GET /index.php/admin
[ log ] www.vita.com/index.php/admin [运行时间：0.046550s][吞吐率：21.48req/s] [内存消耗：1,043.34kb] [文件加载：38]
[ info ] [ LANG ] G:\u0umwr\thinkphp\lang\zh-cn.php
[ info ] [ ROUTE ] array (
  'type' => 'module',
  'module' => 
  array (
    0 => 'admin',
    1 => NULL,
    2 => NULL,
  ),
)
[ info ] [ HEADER ] array (
  'cookie' => 'pgv_pvi=6630516736',
  'accept-language' => 'zh-CN,zh;q=0.9',
  'accept-encoding' => 'gzip, deflate',
  'accept' => 'text/html,application/xhtml+xml,application/xml;q=0.9,image/webp,image/apng,*/*;q=0.8',
  'user-agent' => 'Mozilla/5.0 (Windows NT 10.0; Win64; x64) AppleWebKit/537.36 (KHTML, like Gecko) Chrome/70.0.3538.67 Safari/537.36',
  'upgrade-insecure-requests' => '1',
  'purpose' => 'prefetch',
  'connection' => 'close',
  'host' => 'www.vita.com',
)
[ info ] [ PARAM ] array (
)
[ info ] [ RUN ] app\admin\controller\Index->index[ G:\u0umwr\application\admin\controller\Index.php ]
[ info ] [ VIEW ] G:\u0umwr\public/../application/admin\view\index\index.html [ array (
) ]
[ info ] [ LOG ] INIT File

---------------------------------------------------------------
[ 2018-12-10T15:24:13+08:00 ] 127.0.0.1 127.0.0.1 GET /index.php/admin/index/welcome.html
[ log ] www.vita.com/index.php/admin/index/welcome.html [运行时间：0.040247s][吞吐率：24.85req/s] [内存消耗：1,029.36kb] [文件加载：40]
[ info ] [ LANG ] G:\u0umwr\thinkphp\lang\zh-cn.php
[ info ] [ ROUTE ] array (
  'type' => 'module',
  'module' => 
  array (
    0 => 'admin',
    1 => 'index',
    2 => 'welcome',
  ),
)
[ info ] [ HEADER ] array (
  'cookie' => 'pgv_pvi=6630516736',
  'accept-language' => 'zh-CN,zh;q=0.9',
  'accept-encoding' => 'gzip, deflate',
  'referer' => 'http://www.vita.com/index.php/admin',
  'accept' => 'text/html,application/xhtml+xml,application/xml;q=0.9,image/webp,image/apng,*/*;q=0.8',
  'user-agent' => 'Mozilla/5.0 (Windows NT 10.0; Win64; x64) AppleWebKit/537.36 (KHTML, like Gecko) Chrome/70.0.3538.67 Safari/537.36',
  'upgrade-insecure-requests' => '1',
  'connection' => 'close',
  'host' => 'www.vita.com',
)
[ info ] [ PARAM ] array (
)
[ info ] [ RUN ] app\admin\controller\Index->welcome[ G:\u0umwr\application\admin\controller\Index.php ]
[ info ] [ LOG ] INIT File
[ error ] [0]致命错误: Class 'phpmailer\PHPMailer' not found[G:\u0umwr\extend\phpmailer\Email.php:23]

---------------------------------------------------------------
[ 2018-12-10T15:24:16+08:00 ] 127.0.0.1 127.0.0.1 GET /index.php/admin/category/index.html
[ log ] www.vita.com/index.php/admin/category/index.html [运行时间：0.240139s][吞吐率：4.16req/s] [内存消耗：1,908.90kb] [文件加载：50]
[ info ] [ LANG ] G:\u0umwr\thinkphp\lang\zh-cn.php
[ info ] [ ROUTE ] array (
  'type' => 'module',
  'module' => 
  array (
    0 => 'admin',
    1 => 'category',
    2 => 'index',
  ),
)
[ info ] [ HEADER ] array (
  'cookie' => 'pgv_pvi=6630516736',
  'accept-language' => 'zh-CN,zh;q=0.9',
  'accept-encoding' => 'gzip, deflate',
  'referer' => 'http://www.vita.com/index.php/admin',
  'accept' => 'text/html,application/xhtml+xml,application/xml;q=0.9,image/webp,image/apng,*/*;q=0.8',
  'user-agent' => 'Mozilla/5.0 (Windows NT 10.0; Win64; x64) AppleWebKit/537.36 (KHTML, like Gecko) Chrome/70.0.3538.67 Safari/537.36',
  'upgrade-insecure-requests' => '1',
  'connection' => 'close',
  'host' => 'www.vita.com',
)
[ info ] [ PARAM ] array (
)
[ info ] [ DB ] INIT mysql
[ info ] [ RUN ] app\admin\controller\Category->index[ G:\u0umwr\application\admin\controller\Category.php ]
[ info ] [ VIEW ] G:\u0umwr\public/../application/admin\view\category\index.html [ array (
  0 => 'categorys',
) ]
[ info ] [ LOG ] INIT File
[ sql ] [ DB ] CONNECT:[ UseTime:0.001393s ] mysql:dbname=o2o;host=127.0.0.1;port=3306;charset=utf8
[ sql ] [ SQL ] SHOW COLUMNS FROM `o2o_category` [ RunTime:0.032148s ]
[ sql ] [ SQL ] SELECT COUNT(*) AS tp_count FROM `o2o_category` WHERE  `parent_id` = 0  AND `status` <> -1 LIMIT 1 [ RunTime:0.053577s ]
[ sql ] [ SQL ] SELECT * FROM `o2o_category` WHERE  `parent_id` = 0  AND `status` <> -1 ORDER BY `listorder`  desc,`id`  desc LIMIT 0,15 [ RunTime:0.001280s ]

---------------------------------------------------------------
[ 2018-12-10T15:24:16+08:00 ] 127.0.0.1 127.0.0.1 GET /index.php/admin/index/test.html
[ log ] www.vita.com/index.php/admin/index/test.html [运行时间：0.020191s][吞吐率：49.53req/s] [内存消耗：992.29kb] [文件加载：36]
[ info ] [ LANG ] G:\u0umwr\thinkphp\lang\zh-cn.php
[ info ] [ ROUTE ] array (
  'type' => 'module',
  'module' => 
  array (
    0 => 'admin',
    1 => 'index',
    2 => 'test',
  ),
)
[ info ] [ HEADER ] array (
  'cookie' => 'pgv_pvi=6630516736',
  'accept-language' => 'zh-CN,zh;q=0.9',
  'accept-encoding' => 'gzip, deflate',
  'referer' => 'http://www.vita.com/index.php/admin/category/index.html',
  'accept' => 'image/webp,image/apng,image/*,*/*;q=0.8',
  'user-agent' => 'Mozilla/5.0 (Windows NT 10.0; Win64; x64) AppleWebKit/537.36 (KHTML, like Gecko) Chrome/70.0.3538.67 Safari/537.36',
  'connection' => 'close',
  'host' => 'www.vita.com',
)
[ info ] [ PARAM ] array (
)
[ info ] [ RUN ] app\admin\controller\Index->test[ G:\u0umwr\application\admin\controller\Index.php ]
[ info ] [ LOG ] INIT File

---------------------------------------------------------------
[ 2018-12-10T15:24:22+08:00 ] 127.0.0.1 127.0.0.1 GET /index.php/admin/category/edit.html?id=5
[ log ] www.vita.com/index.php/admin/category/edit.html?id=5 [运行时间：0.245817s][吞吐率：4.07req/s] [内存消耗：1,894.19kb] [文件加载：49]
[ info ] [ LANG ] G:\u0umwr\thinkphp\lang\zh-cn.php
[ info ] [ ROUTE ] array (
  'type' => 'module',
  'module' => 
  array (
    0 => 'admin',
    1 => 'category',
    2 => 'edit',
  ),
)
[ info ] [ HEADER ] array (
  'cookie' => 'pgv_pvi=6630516736',
  'accept-language' => 'zh-CN,zh;q=0.9',
  'accept-encoding' => 'gzip, deflate',
  'referer' => 'http://www.vita.com/index.php/admin/category/index.html',
  'accept' => 'text/html,application/xhtml+xml,application/xml;q=0.9,image/webp,image/apng,*/*;q=0.8',
  'user-agent' => 'Mozilla/5.0 (Windows NT 10.0; Win64; x64) AppleWebKit/537.36 (KHTML, like Gecko) Chrome/70.0.3538.67 Safari/537.36',
  'upgrade-insecure-requests' => '1',
  'connection' => 'close',
  'host' => 'www.vita.com',
)
[ info ] [ PARAM ] array (
  'id' => '5',
)
[ info ] [ DB ] INIT mysql
[ info ] [ RUN ] app\admin\controller\Category->edit[ G:\u0umwr\application\admin\controller\Category.php ]
[ info ] [ VIEW ] G:\u0umwr\public/../application/admin\view\category\edit.html [ array (
  0 => 'categorys',
  1 => 'category',
) ]
[ info ] [ LOG ] INIT File
[ sql ] [ DB ] CONNECT:[ UseTime:0.001376s ] mysql:dbname=o2o;host=127.0.0.1;port=3306;charset=utf8
[ sql ] [ SQL ] SHOW COLUMNS FROM `o2o_category` [ RunTime:0.083130s ]
[ sql ] [ SQL ] SELECT * FROM `o2o_category` WHERE  `id` = 5 LIMIT 1 [ RunTime:0.001929s ]
[ sql ] [ SQL ] SELECT * FROM `o2o_category` WHERE  `status` = 1  AND `parent_id` = 0 ORDER BY `id`  desc [ RunTime:0.000693s ]

---------------------------------------------------------------
[ 2018-12-10T15:24:25+08:00 ] 127.0.0.1 127.0.0.1 GET /index.php/admin/category/add.html
[ log ] www.vita.com/index.php/admin/category/add.html [运行时间：0.106720s][吞吐率：9.37req/s] [内存消耗：1,776.73kb] [文件加载：47]
[ info ] [ LANG ] G:\u0umwr\thinkphp\lang\zh-cn.php
[ info ] [ ROUTE ] array (
  'type' => 'module',
  'module' => 
  array (
    0 => 'admin',
    1 => 'category',
    2 => 'add',
  ),
)
[ info ] [ HEADER ] array (
  'cookie' => 'pgv_pvi=6630516736',
  'accept-language' => 'zh-CN,zh;q=0.9',
  'accept-encoding' => 'gzip, deflate',
  'referer' => 'http://www.vita.com/index.php/admin/category/index.html',
  'accept' => 'text/html,application/xhtml+xml,application/xml;q=0.9,image/webp,image/apng,*/*;q=0.8',
  'user-agent' => 'Mozilla/5.0 (Windows NT 10.0; Win64; x64) AppleWebKit/537.36 (KHTML, like Gecko) Chrome/70.0.3538.67 Safari/537.36',
  'upgrade-insecure-requests' => '1',
  'connection' => 'close',
  'host' => 'www.vita.com',
)
[ info ] [ PARAM ] array (
)
[ info ] [ DB ] INIT mysql
[ info ] [ RUN ] app\admin\controller\Category->add[ G:\u0umwr\application\admin\controller\Category.php ]
[ info ] [ VIEW ] G:\u0umwr\public/../application/admin\view\category\add.html [ array (
  0 => 'categorys',
) ]
[ info ] [ LOG ] INIT File
[ sql ] [ DB ] CONNECT:[ UseTime:0.001493s ] mysql:dbname=o2o;host=127.0.0.1;port=3306;charset=utf8
[ sql ] [ SQL ] SHOW COLUMNS FROM `o2o_category` [ RunTime:0.041911s ]
[ sql ] [ SQL ] SELECT * FROM `o2o_category` WHERE  `status` = 1  AND `parent_id` = 0 ORDER BY `id`  desc [ RunTime:0.000894s ]

---------------------------------------------------------------
[ 2018-12-10T15:24:47+08:00 ] 127.0.0.1 127.0.0.1 POST /index.php/admin/category/save.html
[ log ] www.vita.com/index.php/admin/category/save.html [运行时间：0.352250s][吞吐率：2.84req/s] [内存消耗：1,818.95kb] [文件加载：49]
[ info ] [ LANG ] G:\u0umwr\thinkphp\lang\zh-cn.php
[ info ] [ ROUTE ] array (
  'type' => 'module',
  'module' => 
  array (
    0 => 'admin',
    1 => 'category',
    2 => 'save',
  ),
)
[ info ] [ HEADER ] array (
  'cookie' => 'pgv_pvi=6630516736',
  'accept-language' => 'zh-CN,zh;q=0.9',
  'accept-encoding' => 'gzip, deflate',
  'referer' => 'http://www.vita.com/index.php/admin/category/add.html',
  'accept' => 'text/html,application/xhtml+xml,application/xml;q=0.9,image/webp,image/apng,*/*;q=0.8',
  'user-agent' => 'Mozilla/5.0 (Windows NT 10.0; Win64; x64) AppleWebKit/537.36 (KHTML, like Gecko) Chrome/70.0.3538.67 Safari/537.36',
  'content-type' => 'application/x-www-form-urlencoded',
  'upgrade-insecure-requests' => '1',
  'origin' => 'http://www.vita.com',
  'cache-control' => 'max-age=0',
  'content-length' => '35',
  'connection' => 'close',
  'host' => 'www.vita.com',
)
[ info ] [ PARAM ] array (
  'name' => '健身',
  'parent_id' => '5',
)
[ info ] [ DB ] INIT mysql
[ info ] [ RUN ] app\admin\controller\Category->save[ G:\u0umwr\application\admin\controller\Category.php ]
[ info ] [ VIEW ] G:\u0umwr\thinkphp\tpl\dispatch_jump.tpl [ array (
  0 => 'code',
  1 => 'msg',
  2 => 'data',
  3 => 'url',
  4 => 'wait',
) ]
[ info ] [ LOG ] INIT File
[ sql ] [ DB ] CONNECT:[ UseTime:0.001152s ] mysql:dbname=o2o;host=127.0.0.1;port=3306;charset=utf8
[ sql ] [ SQL ] SHOW COLUMNS FROM `o2o_category` [ RunTime:0.034606s ]
[ sql ] [ SQL ] INSERT INTO `o2o_category` (`name` , `parent_id` , `status` , `update_time` , `create_time`) VALUES ('健身' , 5 , 1 , 1544426686 , 1544426686) [ RunTime:0.096160s ]

---------------------------------------------------------------
[ 2018-12-10T15:24:50+08:00 ] 127.0.0.1 127.0.0.1 GET /index.php/admin/category/add.html
[ log ] www.vita.com/index.php/admin/category/add.html [运行时间：0.059005s][吞吐率：16.95req/s] [内存消耗：1,776.73kb] [文件加载：47]
[ info ] [ LANG ] G:\u0umwr\thinkphp\lang\zh-cn.php
[ info ] [ ROUTE ] array (
  'type' => 'module',
  'module' => 
  array (
    0 => 'admin',
    1 => 'category',
    2 => 'add',
  ),
)
[ info ] [ HEADER ] array (
  'cookie' => 'pgv_pvi=6630516736',
  'accept-language' => 'zh-CN,zh;q=0.9',
  'accept-encoding' => 'gzip, deflate',
  'referer' => 'http://www.vita.com/index.php/admin/category/save.html',
  'accept' => 'text/html,application/xhtml+xml,application/xml;q=0.9,image/webp,image/apng,*/*;q=0.8',
  'user-agent' => 'Mozilla/5.0 (Windows NT 10.0; Win64; x64) AppleWebKit/537.36 (KHTML, like Gecko) Chrome/70.0.3538.67 Safari/537.36',
  'upgrade-insecure-requests' => '1',
  'connection' => 'close',
  'host' => 'www.vita.com',
)
[ info ] [ PARAM ] array (
)
[ info ] [ DB ] INIT mysql
[ info ] [ RUN ] app\admin\controller\Category->add[ G:\u0umwr\application\admin\controller\Category.php ]
[ info ] [ VIEW ] G:\u0umwr\public/../application/admin\view\category\add.html [ array (
  0 => 'categorys',
) ]
[ info ] [ LOG ] INIT File
[ sql ] [ DB ] CONNECT:[ UseTime:0.001200s ] mysql:dbname=o2o;host=127.0.0.1;port=3306;charset=utf8
[ sql ] [ SQL ] SHOW COLUMNS FROM `o2o_category` [ RunTime:0.026523s ]
[ sql ] [ SQL ] SELECT * FROM `o2o_category` WHERE  `status` = 1  AND `parent_id` = 0 ORDER BY `id`  desc [ RunTime:0.000620s ]

---------------------------------------------------------------
[ 2018-12-10T15:25:20+08:00 ] 127.0.0.1 127.0.0.1 GET /index.php/bis/login
[ log ] www.vita.com/index.php/bis/login [运行时间：0.020503s][吞吐率：48.77req/s] [内存消耗：1,036.55kb] [文件加载：36]
[ info ] [ LANG ] G:\u0umwr\thinkphp\lang\zh-cn.php
[ info ] [ ROUTE ] array (
  'type' => 'module',
  'module' => 
  array (
    0 => 'bis',
    1 => 'login',
    2 => NULL,
  ),
)
[ info ] [ HEADER ] array (
  'upgrade-insecure-requests' => '1',
  'connection' => 'close',
  'accept-encoding' => 'gzip, deflate',
  'accept-language' => 'zh-CN,zh;q=0.8,zh-TW;q=0.7,zh-HK;q=0.5,en-US;q=0.3,en;q=0.2',
  'accept' => 'text/html,application/xhtml+xml,application/xml;q=0.9,*/*;q=0.8',
  'user-agent' => 'Mozilla/5.0 (Windows NT 10.0; WOW64; rv:60.0) Gecko/20100101 Firefox/60.0',
  'host' => 'www.vita.com',
)
[ info ] [ PARAM ] array (
)
[ info ] [ RUN ] app\bis\controller\Login->index[ G:\u0umwr\application\bis\controller\Login.php ]
[ info ] [ VIEW ] G:\u0umwr\public/../application/bis\view\login\index.html [ array (
) ]
[ info ] [ LOG ] INIT File

---------------------------------------------------------------
[ 2018-12-10T15:25:22+08:00 ] 127.0.0.1 127.0.0.1 GET /index.php/bis/register/index.html
[ log ] www.vita.com/index.php/bis/register/index.html [运行时间：0.105042s][吞吐率：9.52req/s] [内存消耗：1,789.42kb] [文件加载：46]
[ info ] [ LANG ] G:\u0umwr\thinkphp\lang\zh-cn.php
[ info ] [ ROUTE ] array (
  'type' => 'module',
  'module' => 
  array (
    0 => 'bis',
    1 => 'register',
    2 => 'index',
  ),
)
[ info ] [ HEADER ] array (
  'upgrade-insecure-requests' => '1',
  'connection' => 'close',
  'referer' => 'http://www.vita.com/index.php/bis/login',
  'accept-encoding' => 'gzip, deflate',
  'accept-language' => 'zh-CN,zh;q=0.8,zh-TW;q=0.7,zh-HK;q=0.5,en-US;q=0.3,en;q=0.2',
  'accept' => 'text/html,application/xhtml+xml,application/xml;q=0.9,*/*;q=0.8',
  'user-agent' => 'Mozilla/5.0 (Windows NT 10.0; WOW64; rv:60.0) Gecko/20100101 Firefox/60.0',
  'host' => 'www.vita.com',
)
[ info ] [ PARAM ] array (
)
[ info ] [ RUN ] app\bis\controller\Register->index[ G:\u0umwr\application\bis\controller\Register.php ]
[ info ] [ DB ] INIT mysql
[ info ] [ VIEW ] G:\u0umwr\public/../application/bis\view\register\index.html [ array (
  0 => 'citys',
  1 => 'categorys',
) ]
[ info ] [ LOG ] INIT File
[ sql ] [ DB ] CONNECT:[ UseTime:0.001074s ] mysql:dbname=o2o;host=127.0.0.1;port=3306;charset=utf8
[ sql ] [ SQL ] SHOW COLUMNS FROM `o2o_city` [ RunTime:0.033006s ]
[ sql ] [ SQL ] SELECT * FROM `o2o_city` WHERE  `status` = 1  AND `parent_id` = 0 ORDER BY `id`  desc [ RunTime:0.000769s ]
[ sql ] [ SQL ] SHOW COLUMNS FROM `o2o_category` [ RunTime:0.032708s ]
[ sql ] [ SQL ] SELECT * FROM `o2o_category` WHERE  `status` = 1  AND `parent_id` = 0 ORDER BY `id`  desc [ RunTime:0.000590s ]

---------------------------------------------------------------
[ 2018-12-10T15:25:24+08:00 ] 127.0.0.1 127.0.0.1 GET /index.php/bis/register/
[ log ] www.vita.com/index.php/bis/register/ [运行时间：0.171374s][吞吐率：5.84req/s] [内存消耗：1,789.31kb] [文件加载：46]
[ info ] [ LANG ] G:\u0umwr\thinkphp\lang\zh-cn.php
[ info ] [ ROUTE ] array (
  'type' => 'module',
  'module' => 
  array (
    0 => 'bis',
    1 => 'register',
    2 => NULL,
  ),
)
[ info ] [ HEADER ] array (
  'connection' => 'close',
  'referer' => 'http://www.vita.com/static/admin/uploadify/uploadify.swf?preventswfcaching=1544426723041',
  'accept-encoding' => 'gzip, deflate',
  'accept-language' => 'zh-CN,zh;q=0.8,zh-TW;q=0.7,zh-HK;q=0.5,en-US;q=0.3,en;q=0.2',
  'accept' => 'text/html,application/xhtml+xml,application/xml;q=0.9,*/*;q=0.8',
  'user-agent' => 'Mozilla/5.0 (Windows NT 10.0; WOW64; rv:60.0) Gecko/20100101 Firefox/60.0',
  'host' => 'www.vita.com',
)
[ info ] [ PARAM ] array (
)
[ info ] [ RUN ] app\bis\controller\Register->index[ G:\u0umwr\application\bis\controller\Register.php ]
[ info ] [ DB ] INIT mysql
[ info ] [ VIEW ] G:\u0umwr\public/../application/bis\view\register\index.html [ array (
  0 => 'citys',
  1 => 'categorys',
) ]
[ info ] [ LOG ] INIT File
[ sql ] [ DB ] CONNECT:[ UseTime:0.004466s ] mysql:dbname=o2o;host=127.0.0.1;port=3306;charset=utf8
[ sql ] [ SQL ] SHOW COLUMNS FROM `o2o_city` [ RunTime:0.053792s ]
[ sql ] [ SQL ] SELECT * FROM `o2o_city` WHERE  `status` = 1  AND `parent_id` = 0 ORDER BY `id`  desc [ RunTime:0.000775s ]
[ sql ] [ SQL ] SHOW COLUMNS FROM `o2o_category` [ RunTime:0.056630s ]
[ sql ] [ SQL ] SELECT * FROM `o2o_category` WHERE  `status` = 1  AND `parent_id` = 0 ORDER BY `id`  desc [ RunTime:0.001579s ]

---------------------------------------------------------------
[ 2018-12-10T15:25:24+08:00 ] 127.0.0.1 127.0.0.1 GET /index.php/bis/register/
[ log ] www.vita.com/index.php/bis/register/ [运行时间：0.256022s][吞吐率：3.91req/s] [内存消耗：1,789.31kb] [文件加载：46]
[ info ] [ LANG ] G:\u0umwr\thinkphp\lang\zh-cn.php
[ info ] [ ROUTE ] array (
  'type' => 'module',
  'module' => 
  array (
    0 => 'bis',
    1 => 'register',
    2 => NULL,
  ),
)
[ info ] [ HEADER ] array (
  'connection' => 'close',
  'referer' => 'http://www.vita.com/static/admin/uploadify/uploadify.swf?preventswfcaching=1544426723026',
  'accept-encoding' => 'gzip, deflate',
  'accept-language' => 'zh-CN,zh;q=0.8,zh-TW;q=0.7,zh-HK;q=0.5,en-US;q=0.3,en;q=0.2',
  'accept' => 'text/html,application/xhtml+xml,application/xml;q=0.9,*/*;q=0.8',
  'user-agent' => 'Mozilla/5.0 (Windows NT 10.0; WOW64; rv:60.0) Gecko/20100101 Firefox/60.0',
  'host' => 'www.vita.com',
)
[ info ] [ PARAM ] array (
)
[ info ] [ RUN ] app\bis\controller\Register->index[ G:\u0umwr\application\bis\controller\Register.php ]
[ info ] [ DB ] INIT mysql
[ info ] [ VIEW ] G:\u0umwr\public/../application/bis\view\register\index.html [ array (
  0 => 'citys',
  1 => 'categorys',
) ]
[ info ] [ LOG ] INIT File
[ sql ] [ DB ] CONNECT:[ UseTime:0.001312s ] mysql:dbname=o2o;host=127.0.0.1;port=3306;charset=utf8
[ sql ] [ SQL ] SHOW COLUMNS FROM `o2o_city` [ RunTime:0.173885s ]
[ sql ] [ SQL ] SELECT * FROM `o2o_city` WHERE  `status` = 1  AND `parent_id` = 0 ORDER BY `id`  desc [ RunTime:0.000762s ]
[ sql ] [ SQL ] SHOW COLUMNS FROM `o2o_category` [ RunTime:0.035809s ]
[ sql ] [ SQL ] SELECT * FROM `o2o_category` WHERE  `status` = 1  AND `parent_id` = 0 ORDER BY `id`  desc [ RunTime:0.000668s ]

---------------------------------------------------------------
[ 2018-12-10T15:25:27+08:00 ] 127.0.0.1 127.0.0.1 POST /index.php/api/category/getcategorybyparentid.html
[ log ] www.vita.com/index.php/api/category/getcategorybyparentid.html [运行时间：0.063721s][吞吐率：15.69req/s] [内存消耗：1,724.45kb] [文件加载：46]
[ info ] [ LANG ] G:\u0umwr\thinkphp\lang\zh-cn.php
[ info ] [ ROUTE ] array (
  'type' => 'module',
  'module' => 
  array (
    0 => 'api',
    1 => 'category',
    2 => 'getcategorybyparentid',
  ),
)
[ info ] [ HEADER ] array (
  'connection' => 'close',
  'content-length' => '4',
  'x-requested-with' => 'XMLHttpRequest',
  'content-type' => 'application/x-www-form-urlencoded; charset=UTF-8',
  'referer' => 'http://www.vita.com/index.php/bis/register/index.html',
  'accept-encoding' => 'gzip, deflate',
  'accept-language' => 'zh-CN,zh;q=0.8,zh-TW;q=0.7,zh-HK;q=0.5,en-US;q=0.3,en;q=0.2',
  'accept' => 'application/json, text/javascript, */*; q=0.01',
  'user-agent' => 'Mozilla/5.0 (Windows NT 10.0; WOW64; rv:60.0) Gecko/20100101 Firefox/60.0',
  'host' => 'www.vita.com',
)
[ info ] [ PARAM ] array (
  'id' => '5',
)
[ info ] [ DB ] INIT mysql
[ info ] [ RUN ] app\api\controller\Category->getCategoryByParentId[ G:\u0umwr\application\api\controller\Category.php ]
[ info ] [ LOG ] INIT File
[ sql ] [ DB ] CONNECT:[ UseTime:0.001202s ] mysql:dbname=o2o;host=127.0.0.1;port=3306;charset=utf8
[ sql ] [ SQL ] SHOW COLUMNS FROM `o2o_category` [ RunTime:0.028922s ]
[ sql ] [ SQL ] SELECT * FROM `o2o_category` WHERE  `status` = 1  AND `parent_id` = 5 ORDER BY `id`  desc [ RunTime:0.000581s ]

---------------------------------------------------------------
[ 2018-12-10T15:49:10+08:00 ] 127.0.0.1 127.0.0.1 GET /index.php/admin
[ log ] www.vita.com/index.php/admin [运行时间：0.109053s][吞吐率：9.17req/s] [内存消耗：1,043.35kb] [文件加载：38]
[ info ] [ LANG ] G:\u0umwr\thinkphp\lang\zh-cn.php
[ info ] [ ROUTE ] array (
  'type' => 'module',
  'module' => 
  array (
    0 => 'admin',
    1 => NULL,
    2 => NULL,
  ),
)
[ info ] [ HEADER ] array (
  'cookie' => 'pgv_pvi=6630516736',
  'accept-language' => 'zh-CN,zh;q=0.9',
  'accept-encoding' => 'gzip, deflate',
  'accept' => 'text/html,application/xhtml+xml,application/xml;q=0.9,image/webp,image/apng,*/*;q=0.8',
  'user-agent' => 'Mozilla/5.0 (Windows NT 10.0; Win64; x64) AppleWebKit/537.36 (KHTML, like Gecko) Chrome/70.0.3538.67 Safari/537.36',
  'upgrade-insecure-requests' => '1',
  'cache-control' => 'max-age=0',
  'connection' => 'close',
  'host' => 'www.vita.com',
)
[ info ] [ PARAM ] array (
)
[ info ] [ RUN ] app\admin\controller\Index->index[ G:\u0umwr\application\admin\controller\Index.php ]
[ info ] [ VIEW ] G:\u0umwr\public/../application/admin\view\index\index.html [ array (
) ]
[ info ] [ LOG ] INIT File

---------------------------------------------------------------
[ 2018-12-10T15:49:10+08:00 ] 127.0.0.1 127.0.0.1 GET /index.php/admin/index/welcome.html
[ log ] www.vita.com/index.php/admin/index/welcome.html [运行时间：0.030666s][吞吐率：32.61req/s] [内存消耗：1,029.36kb] [文件加载：40]
[ info ] [ LANG ] G:\u0umwr\thinkphp\lang\zh-cn.php
[ info ] [ ROUTE ] array (
  'type' => 'module',
  'module' => 
  array (
    0 => 'admin',
    1 => 'index',
    2 => 'welcome',
  ),
)
[ info ] [ HEADER ] array (
  'cookie' => 'pgv_pvi=6630516736',
  'accept-language' => 'zh-CN,zh;q=0.9',
  'accept-encoding' => 'gzip, deflate',
  'referer' => 'http://www.vita.com/index.php/admin',
  'accept' => 'text/html,application/xhtml+xml,application/xml;q=0.9,image/webp,image/apng,*/*;q=0.8',
  'user-agent' => 'Mozilla/5.0 (Windows NT 10.0; Win64; x64) AppleWebKit/537.36 (KHTML, like Gecko) Chrome/70.0.3538.67 Safari/537.36',
  'upgrade-insecure-requests' => '1',
  'connection' => 'close',
  'host' => 'www.vita.com',
)
[ info ] [ PARAM ] array (
)
[ info ] [ RUN ] app\admin\controller\Index->welcome[ G:\u0umwr\application\admin\controller\Index.php ]
[ info ] [ LOG ] INIT File
[ error ] [0]致命错误: Class 'phpmailer\PHPMailer' not found[G:\u0umwr\extend\phpmailer\Email.php:23]

---------------------------------------------------------------
[ 2018-12-10T15:49:13+08:00 ] 127.0.0.1 127.0.0.1 GET /index.php/admin/category/index.html
[ log ] www.vita.com/index.php/admin/category/index.html [运行时间：0.120272s][吞吐率：8.31req/s] [内存消耗：2,033.81kb] [文件加载：52]
[ info ] [ LANG ] G:\u0umwr\thinkphp\lang\zh-cn.php
[ info ] [ ROUTE ] array (
  'type' => 'module',
  'module' => 
  array (
    0 => 'admin',
    1 => 'category',
    2 => 'index',
  ),
)
[ info ] [ HEADER ] array (
  'cookie' => 'pgv_pvi=6630516736',
  'accept-language' => 'zh-CN,zh;q=0.9',
  'accept-encoding' => 'gzip, deflate',
  'referer' => 'http://www.vita.com/index.php/admin',
  'accept' => 'text/html,application/xhtml+xml,application/xml;q=0.9,image/webp,image/apng,*/*;q=0.8',
  'user-agent' => 'Mozilla/5.0 (Windows NT 10.0; Win64; x64) AppleWebKit/537.36 (KHTML, like Gecko) Chrome/70.0.3538.67 Safari/537.36',
  'upgrade-insecure-requests' => '1',
  'connection' => 'close',
  'host' => 'www.vita.com',
)
[ info ] [ PARAM ] array (
)
[ info ] [ DB ] INIT mysql
[ info ] [ RUN ] app\admin\controller\Category->index[ G:\u0umwr\application\admin\controller\Category.php ]
[ info ] [ VIEW ] G:\u0umwr\public/../application/admin\view\category\index.html [ array (
  0 => 'categorys',
) ]
[ info ] [ LOG ] INIT File
[ sql ] [ DB ] CONNECT:[ UseTime:0.015710s ] mysql:dbname=o2o;host=127.0.0.1;port=3306;charset=utf8
[ sql ] [ SQL ] SHOW COLUMNS FROM `o2o_category` [ RunTime:0.035125s ]
[ sql ] [ SQL ] SELECT COUNT(*) AS tp_count FROM `o2o_category` WHERE  `parent_id` = 0  AND `status` <> -1 LIMIT 1 [ RunTime:0.000740s ]
[ sql ] [ SQL ] SELECT * FROM `o2o_category` WHERE  `parent_id` = 0  AND `status` <> -1 ORDER BY `listorder`  desc,`id`  desc LIMIT 0,15 [ RunTime:0.000622s ]

---------------------------------------------------------------
[ 2018-12-10T15:49:42+08:00 ] 127.0.0.1 127.0.0.1 GET /index.php/bis/register/index.html
[ log ] www.vita.com/index.php/bis/register/index.html [运行时间：0.105879s][吞吐率：9.44req/s] [内存消耗：1,790.06kb] [文件加载：46]
[ info ] [ LANG ] G:\u0umwr\thinkphp\lang\zh-cn.php
[ info ] [ ROUTE ] array (
  'type' => 'module',
  'module' => 
  array (
    0 => 'bis',
    1 => 'register',
    2 => 'index',
  ),
)
[ info ] [ HEADER ] array (
  'cache-control' => 'max-age=0',
  'upgrade-insecure-requests' => '1',
  'connection' => 'close',
  'referer' => 'http://www.vita.com/index.php/bis/login',
  'accept-encoding' => 'gzip, deflate',
  'accept-language' => 'zh-CN,zh;q=0.8,zh-TW;q=0.7,zh-HK;q=0.5,en-US;q=0.3,en;q=0.2',
  'accept' => 'text/html,application/xhtml+xml,application/xml;q=0.9,*/*;q=0.8',
  'user-agent' => 'Mozilla/5.0 (Windows NT 10.0; WOW64; rv:60.0) Gecko/20100101 Firefox/60.0',
  'host' => 'www.vita.com',
)
[ info ] [ PARAM ] array (
)
[ info ] [ RUN ] app\bis\controller\Register->index[ G:\u0umwr\application\bis\controller\Register.php ]
[ info ] [ DB ] INIT mysql
[ info ] [ VIEW ] G:\u0umwr\public/../application/bis\view\register\index.html [ array (
  0 => 'citys',
  1 => 'categorys',
) ]
[ info ] [ LOG ] INIT File
[ sql ] [ DB ] CONNECT:[ UseTime:0.001225s ] mysql:dbname=o2o;host=127.0.0.1;port=3306;charset=utf8
[ sql ] [ SQL ] SHOW COLUMNS FROM `o2o_city` [ RunTime:0.036577s ]
[ sql ] [ SQL ] SELECT * FROM `o2o_city` WHERE  `status` = 1  AND `parent_id` = 0 ORDER BY `id`  desc [ RunTime:0.001537s ]
[ sql ] [ SQL ] SHOW COLUMNS FROM `o2o_category` [ RunTime:0.028048s ]
[ sql ] [ SQL ] SELECT * FROM `o2o_category` WHERE  `status` = 1  AND `parent_id` = 0 ORDER BY `id`  desc [ RunTime:0.000536s ]

---------------------------------------------------------------
[ 2018-12-10T15:49:44+08:00 ] 127.0.0.1 127.0.0.1 GET /index.php/bis/register/
[ log ] www.vita.com/index.php/bis/register/ [运行时间：0.101070s][吞吐率：9.89req/s] [内存消耗：1,789.55kb] [文件加载：46]
[ info ] [ LANG ] G:\u0umwr\thinkphp\lang\zh-cn.php
[ info ] [ ROUTE ] array (
  'type' => 'module',
  'module' => 
  array (
    0 => 'bis',
    1 => 'register',
    2 => NULL,
  ),
)
[ info ] [ HEADER ] array (
  'connection' => 'close',
  'referer' => 'http://www.vita.com/static/admin/uploadify/uploadify.swf?preventswfcaching=1544428182696',
  'accept-encoding' => 'gzip, deflate',
  'accept-language' => 'zh-CN,zh;q=0.8,zh-TW;q=0.7,zh-HK;q=0.5,en-US;q=0.3,en;q=0.2',
  'accept' => 'text/html,application/xhtml+xml,application/xml;q=0.9,*/*;q=0.8',
  'user-agent' => 'Mozilla/5.0 (Windows NT 10.0; WOW64; rv:60.0) Gecko/20100101 Firefox/60.0',
  'host' => 'www.vita.com',
)
[ info ] [ PARAM ] array (
)
[ info ] [ RUN ] app\bis\controller\Register->index[ G:\u0umwr\application\bis\controller\Register.php ]
[ info ] [ DB ] INIT mysql
[ info ] [ VIEW ] G:\u0umwr\public/../application/bis\view\register\index.html [ array (
  0 => 'citys',
  1 => 'categorys',
) ]
[ info ] [ LOG ] INIT File
[ sql ] [ DB ] CONNECT:[ UseTime:0.001143s ] mysql:dbname=o2o;host=127.0.0.1;port=3306;charset=utf8
[ sql ] [ SQL ] SHOW COLUMNS FROM `o2o_city` [ RunTime:0.029965s ]
[ sql ] [ SQL ] SELECT * FROM `o2o_city` WHERE  `status` = 1  AND `parent_id` = 0 ORDER BY `id`  desc [ RunTime:0.000773s ]
[ sql ] [ SQL ] SHOW COLUMNS FROM `o2o_category` [ RunTime:0.029900s ]
[ sql ] [ SQL ] SELECT * FROM `o2o_category` WHERE  `status` = 1  AND `parent_id` = 0 ORDER BY `id`  desc [ RunTime:0.000652s ]

---------------------------------------------------------------
[ 2018-12-10T15:49:44+08:00 ] 127.0.0.1 127.0.0.1 GET /index.php/bis/register/
[ log ] www.vita.com/index.php/bis/register/ [运行时间：0.109068s][吞吐率：9.17req/s] [内存消耗：1,789.55kb] [文件加载：46]
[ info ] [ LANG ] G:\u0umwr\thinkphp\lang\zh-cn.php
[ info ] [ ROUTE ] array (
  'type' => 'module',
  'module' => 
  array (
    0 => 'bis',
    1 => 'register',
    2 => NULL,
  ),
)
[ info ] [ HEADER ] array (
  'connection' => 'close',
  'referer' => 'http://www.vita.com/static/admin/uploadify/uploadify.swf?preventswfcaching=1544428182704',
  'accept-encoding' => 'gzip, deflate',
  'accept-language' => 'zh-CN,zh;q=0.8,zh-TW;q=0.7,zh-HK;q=0.5,en-US;q=0.3,en;q=0.2',
  'accept' => 'text/html,application/xhtml+xml,application/xml;q=0.9,*/*;q=0.8',
  'user-agent' => 'Mozilla/5.0 (Windows NT 10.0; WOW64; rv:60.0) Gecko/20100101 Firefox/60.0',
  'host' => 'www.vita.com',
)
[ info ] [ PARAM ] array (
)
[ info ] [ RUN ] app\bis\controller\Register->index[ G:\u0umwr\application\bis\controller\Register.php ]
[ info ] [ DB ] INIT mysql
[ info ] [ VIEW ] G:\u0umwr\public/../application/bis\view\register\index.html [ array (
  0 => 'citys',
  1 => 'categorys',
) ]
[ info ] [ LOG ] INIT File
[ sql ] [ DB ] CONNECT:[ UseTime:0.001319s ] mysql:dbname=o2o;host=127.0.0.1;port=3306;charset=utf8
[ sql ] [ SQL ] SHOW COLUMNS FROM `o2o_city` [ RunTime:0.036707s ]
[ sql ] [ SQL ] SELECT * FROM `o2o_city` WHERE  `status` = 1  AND `parent_id` = 0 ORDER BY `id`  desc [ RunTime:0.000833s ]
[ sql ] [ SQL ] SHOW COLUMNS FROM `o2o_category` [ RunTime:0.030755s ]
[ sql ] [ SQL ] SELECT * FROM `o2o_category` WHERE  `status` = 1  AND `parent_id` = 0 ORDER BY `id`  desc [ RunTime:0.000551s ]

---------------------------------------------------------------
[ 2018-12-10T15:49:54+08:00 ] 127.0.0.1 127.0.0.1 POST /index.php/api/category/getcategorybyparentid.html
[ log ] www.vita.com/index.php/api/category/getcategorybyparentid.html [运行时间：0.061972s][吞吐率：16.14req/s] [内存消耗：1,724.63kb] [文件加载：46]
[ info ] [ LANG ] G:\u0umwr\thinkphp\lang\zh-cn.php
[ info ] [ ROUTE ] array (
  'type' => 'module',
  'module' => 
  array (
    0 => 'api',
    1 => 'category',
    2 => 'getcategorybyparentid',
  ),
)
[ info ] [ HEADER ] array (
  'connection' => 'close',
  'content-length' => '4',
  'x-requested-with' => 'XMLHttpRequest',
  'content-type' => 'application/x-www-form-urlencoded; charset=UTF-8',
  'referer' => 'http://www.vita.com/index.php/bis/register/index.html',
  'accept-encoding' => 'gzip, deflate',
  'accept-language' => 'zh-CN,zh;q=0.8,zh-TW;q=0.7,zh-HK;q=0.5,en-US;q=0.3,en;q=0.2',
  'accept' => 'application/json, text/javascript, */*; q=0.01',
  'user-agent' => 'Mozilla/5.0 (Windows NT 10.0; WOW64; rv:60.0) Gecko/20100101 Firefox/60.0',
  'host' => 'www.vita.com',
)
[ info ] [ PARAM ] array (
  'id' => '6',
)
[ info ] [ DB ] INIT mysql
[ info ] [ RUN ] app\api\controller\Category->getCategoryByParentId[ G:\u0umwr\application\api\controller\Category.php ]
[ info ] [ LOG ] INIT File
[ sql ] [ DB ] CONNECT:[ UseTime:0.001131s ] mysql:dbname=o2o;host=127.0.0.1;port=3306;charset=utf8
[ sql ] [ SQL ] SHOW COLUMNS FROM `o2o_category` [ RunTime:0.026493s ]
[ sql ] [ SQL ] SELECT * FROM `o2o_category` WHERE  `status` = 1  AND `parent_id` = 6 ORDER BY `id`  desc [ RunTime:0.000542s ]

---------------------------------------------------------------
[ 2018-12-10T15:51:47+08:00 ] 127.0.0.1 127.0.0.1 POST /index.php/bis/register/add.html
[ log ] www.vita.com/index.php/bis/register/add.html [运行时间：0.078236s][吞吐率：12.78req/s] [内存消耗：1,120.04kb] [文件加载：37]
[ info ] [ LANG ] G:\u0umwr\thinkphp\lang\zh-cn.php
[ info ] [ ROUTE ] array (
  'type' => 'module',
  'module' => 
  array (
    0 => 'bis',
    1 => 'register',
    2 => 'add',
  ),
)
[ info ] [ HEADER ] array (
  'upgrade-insecure-requests' => '1',
  'connection' => 'close',
  'content-length' => '281',
  'content-type' => 'application/x-www-form-urlencoded',
  'referer' => 'http://www.vita.com/index.php/bis/register/index.html',
  'accept-encoding' => 'gzip, deflate',
  'accept-language' => 'zh-CN,zh;q=0.8,zh-TW;q=0.7,zh-HK;q=0.5,en-US;q=0.3,en;q=0.2',
  'accept' => 'text/html,application/xhtml+xml,application/xml;q=0.9,*/*;q=0.8',
  'user-agent' => 'Mozilla/5.0 (Windows NT 10.0; WOW64; rv:60.0) Gecko/20100101 Firefox/60.0',
  'host' => 'www.vita.com',
)
[ info ] [ PARAM ] array (
  'name' => '',
  'city_id' => '0',
  'se_city_id' => '0',
  'logo' => '',
  'licence_logo' => '',
  'bank_info' => '',
  'bank_name' => '',
  'bank_user' => '',
  'faren' => '',
  'faren_tel' => '',
  'email' => '',
  'tel' => '',
  'contact' => '',
  'category_id' => '6',
  'address' => '背景昌平顺沙路8号院一区',
  'open_time' => '',
  'username' => 'o2o',
  'password' => '1234',
)
[ info ] [ RUN ] app\bis\controller\Register->add[ G:\u0umwr\application\bis\controller\Register.php ]
[ info ] [ LOG ] INIT File

---------------------------------------------------------------
[ 2018-12-10T15:54:33+08:00 ] 127.0.0.1 127.0.0.1 POST /index.php/bis/register/add.html
[ log ] www.vita.com/index.php/bis/register/add.html [运行时间：0.045656s][吞吐率：21.90req/s] [内存消耗：1,120.10kb] [文件加载：37]
[ info ] [ LANG ] G:\u0umwr\thinkphp\lang\zh-cn.php
[ info ] [ ROUTE ] array (
  'type' => 'module',
  'module' => 
  array (
    0 => 'bis',
    1 => 'register',
    2 => 'add',
  ),
)
[ info ] [ HEADER ] array (
  'cache-control' => 'max-age=0',
  'upgrade-insecure-requests' => '1',
  'connection' => 'close',
  'content-length' => '281',
  'content-type' => 'application/x-www-form-urlencoded',
  'referer' => 'http://www.vita.com/index.php/bis/register/index.html',
  'accept-encoding' => 'gzip, deflate',
  'accept-language' => 'zh-CN,zh;q=0.8,zh-TW;q=0.7,zh-HK;q=0.5,en-US;q=0.3,en;q=0.2',
  'accept' => 'text/html,application/xhtml+xml,application/xml;q=0.9,*/*;q=0.8',
  'user-agent' => 'Mozilla/5.0 (Windows NT 10.0; WOW64; rv:60.0) Gecko/20100101 Firefox/60.0',
  'host' => 'www.vita.com',
)
[ info ] [ PARAM ] array (
  'name' => '',
  'city_id' => '0',
  'se_city_id' => '0',
  'logo' => '',
  'licence_logo' => '',
  'bank_info' => '',
  'bank_name' => '',
  'bank_user' => '',
  'faren' => '',
  'faren_tel' => '',
  'email' => '',
  'tel' => '',
  'contact' => '',
  'category_id' => '6',
  'address' => '背景昌平顺沙路8号院一区',
  'open_time' => '',
  'username' => 'o2o',
  'password' => '1234',
)
[ info ] [ RUN ] app\bis\controller\Register->add[ G:\u0umwr\application\bis\controller\Register.php ]
[ info ] [ LOG ] INIT File

---------------------------------------------------------------
