[ 2018-12-18T15:48:27+08:00 ] 127.0.0.1 127.0.0.1 GET /index.php/admin
[ log ] www.vita.com/index.php/admin [运行时间：1.047416s][吞吐率：0.95req/s] [内存消耗：1,168.26kb] [文件加载：40]
[ info ] [ LANG ] G:\u0umwr\thinkphp\lang\zh-cn.php
[ info ] [ ROUTE ] array (
  'type' => 'module',
  'module' => 
  array (
    0 => 'admin',
    1 => NULL,
    2 => NULL,
  ),
)
[ info ] [ HEADER ] array (
  'cookie' => 'pgv_pvi=6630516736',
  'accept-language' => 'zh-CN,zh;q=0.9',
  'accept-encoding' => 'gzip, deflate',
  'accept' => 'text/html,application/xhtml+xml,application/xml;q=0.9,image/webp,image/apng,*/*;q=0.8',
  'user-agent' => 'Mozilla/5.0 (Windows NT 10.0; Win64; x64) AppleWebKit/537.36 (KHTML, like Gecko) Chrome/70.0.3538.67 Safari/537.36',
  'upgrade-insecure-requests' => '1',
  'cache-control' => 'max-age=0',
  'connection' => 'close',
  'host' => 'www.vita.com',
)
[ info ] [ PARAM ] array (
)
[ info ] [ RUN ] app\admin\controller\Index->index[ G:\u0umwr\application\admin\controller\Index.php ]
[ info ] [ VIEW ] G:\u0umwr\public/../application/admin\view\index\index.html [ array (
) ]
[ info ] [ LOG ] INIT File

---------------------------------------------------------------
[ 2018-12-18T15:48:28+08:00 ] 127.0.0.1 127.0.0.1 GET /index.php/admin/index/welcome.html
[ log ] www.vita.com/index.php/admin/index/welcome.html [运行时间：0.475060s][吞吐率：2.10req/s] [内存消耗：1,030.37kb] [文件加载：40]
[ info ] [ LANG ] G:\u0umwr\thinkphp\lang\zh-cn.php
[ info ] [ ROUTE ] array (
  'type' => 'module',
  'module' => 
  array (
    0 => 'admin',
    1 => 'index',
    2 => 'welcome',
  ),
)
[ info ] [ HEADER ] array (
  'cookie' => 'pgv_pvi=6630516736',
  'accept-language' => 'zh-CN,zh;q=0.9',
  'accept-encoding' => 'gzip, deflate',
  'referer' => 'http://www.vita.com/index.php/admin',
  'accept' => 'text/html,application/xhtml+xml,application/xml;q=0.9,image/webp,image/apng,*/*;q=0.8',
  'user-agent' => 'Mozilla/5.0 (Windows NT 10.0; Win64; x64) AppleWebKit/537.36 (KHTML, like Gecko) Chrome/70.0.3538.67 Safari/537.36',
  'upgrade-insecure-requests' => '1',
  'connection' => 'close',
  'host' => 'www.vita.com',
)
[ info ] [ PARAM ] array (
)
[ info ] [ RUN ] app\admin\controller\Index->welcome[ G:\u0umwr\application\admin\controller\Index.php ]
[ info ] [ LOG ] INIT File
[ error ] [0]致命错误: Class 'phpmailer\PHPMailer' not found[G:\u0umwr\extend\phpmailer\Email.php:23]

---------------------------------------------------------------
[ 2018-12-18T15:48:36+08:00 ] 127.0.0.1 127.0.0.1 GET /index.php/admin/bis/apply.html
[ log ] www.vita.com/index.php/admin/bis/apply.html [运行时间：0.154317s][吞吐率：6.48req/s] [内存消耗：1,754.65kb] [文件加载：48]
[ info ] [ LANG ] G:\u0umwr\thinkphp\lang\zh-cn.php
[ info ] [ ROUTE ] array (
  'type' => 'module',
  'module' => 
  array (
    0 => 'admin',
    1 => 'bis',
    2 => 'apply',
  ),
)
[ info ] [ HEADER ] array (
  'cookie' => 'pgv_pvi=6630516736',
  'accept-language' => 'zh-CN,zh;q=0.9',
  'accept-encoding' => 'gzip, deflate',
  'referer' => 'http://www.vita.com/index.php/admin',
  'accept' => 'text/html,application/xhtml+xml,application/xml;q=0.9,image/webp,image/apng,*/*;q=0.8',
  'user-agent' => 'Mozilla/5.0 (Windows NT 10.0; Win64; x64) AppleWebKit/537.36 (KHTML, like Gecko) Chrome/70.0.3538.67 Safari/537.36',
  'upgrade-insecure-requests' => '1',
  'connection' => 'close',
  'host' => 'www.vita.com',
)
[ info ] [ PARAM ] array (
)
[ info ] [ DB ] INIT mysql
[ info ] [ RUN ] app\admin\controller\Bis->apply[ G:\u0umwr\application\admin\controller\Bis.php ]
[ info ] [ VIEW ] G:\u0umwr\public/../application/admin\view\bis\apply.html [ array (
) ]
[ info ] [ LOG ] INIT File

---------------------------------------------------------------
[ 2018-12-18T16:40:40+08:00 ] 127.0.0.1 127.0.0.1 GET /index.php/admin
[ log ] www.vita.com/index.php/admin [运行时间：0.041996s][吞吐率：23.81req/s] [内存消耗：1,044.14kb] [文件加载：38]
[ info ] [ LANG ] G:\u0umwr\thinkphp\lang\zh-cn.php
[ info ] [ ROUTE ] array (
  'type' => 'module',
  'module' => 
  array (
    0 => 'admin',
    1 => NULL,
    2 => NULL,
  ),
)
[ info ] [ HEADER ] array (
  'cookie' => 'pgv_pvi=6630516736',
  'accept-language' => 'zh-CN,zh;q=0.9',
  'accept-encoding' => 'gzip, deflate',
  'accept' => 'text/html,application/xhtml+xml,application/xml;q=0.9,image/webp,image/apng,*/*;q=0.8',
  'user-agent' => 'Mozilla/5.0 (Windows NT 10.0; Win64; x64) AppleWebKit/537.36 (KHTML, like Gecko) Chrome/70.0.3538.67 Safari/537.36',
  'upgrade-insecure-requests' => '1',
  'cache-control' => 'max-age=0',
  'connection' => 'close',
  'host' => 'www.vita.com',
)
[ info ] [ PARAM ] array (
)
[ info ] [ RUN ] app\admin\controller\Index->index[ G:\u0umwr\application\admin\controller\Index.php ]
[ info ] [ VIEW ] G:\u0umwr\public/../application/admin\view\index\index.html [ array (
) ]
[ info ] [ LOG ] INIT File

---------------------------------------------------------------
[ 2018-12-18T16:40:40+08:00 ] 127.0.0.1 127.0.0.1 GET /index.php/admin/index/welcome.html
[ log ] www.vita.com/index.php/admin/index/welcome.html [运行时间：0.029756s][吞吐率：33.61req/s] [内存消耗：1,030.37kb] [文件加载：40]
[ info ] [ LANG ] G:\u0umwr\thinkphp\lang\zh-cn.php
[ info ] [ ROUTE ] array (
  'type' => 'module',
  'module' => 
  array (
    0 => 'admin',
    1 => 'index',
    2 => 'welcome',
  ),
)
[ info ] [ HEADER ] array (
  'cookie' => 'pgv_pvi=6630516736',
  'accept-language' => 'zh-CN,zh;q=0.9',
  'accept-encoding' => 'gzip, deflate',
  'referer' => 'http://www.vita.com/index.php/admin',
  'accept' => 'text/html,application/xhtml+xml,application/xml;q=0.9,image/webp,image/apng,*/*;q=0.8',
  'user-agent' => 'Mozilla/5.0 (Windows NT 10.0; Win64; x64) AppleWebKit/537.36 (KHTML, like Gecko) Chrome/70.0.3538.67 Safari/537.36',
  'upgrade-insecure-requests' => '1',
  'connection' => 'close',
  'host' => 'www.vita.com',
)
[ info ] [ PARAM ] array (
)
[ info ] [ RUN ] app\admin\controller\Index->welcome[ G:\u0umwr\application\admin\controller\Index.php ]
[ info ] [ LOG ] INIT File
[ error ] [0]致命错误: Class 'phpmailer\PHPMailer' not found[G:\u0umwr\extend\phpmailer\Email.php:23]

---------------------------------------------------------------
[ 2018-12-18T16:40:45+08:00 ] 127.0.0.1 127.0.0.1 GET /index.php/admin/bis/apply.html
[ log ] www.vita.com/index.php/admin/bis/apply.html [运行时间：0.810658s][吞吐率：1.23req/s] [内存消耗：1,892.71kb] [文件加载：53]
[ info ] [ LANG ] G:\u0umwr\thinkphp\lang\zh-cn.php
[ info ] [ ROUTE ] array (
  'type' => 'module',
  'module' => 
  array (
    0 => 'admin',
    1 => 'bis',
    2 => 'apply',
  ),
)
[ info ] [ HEADER ] array (
  'cookie' => 'pgv_pvi=6630516736',
  'accept-language' => 'zh-CN,zh;q=0.9',
  'accept-encoding' => 'gzip, deflate',
  'referer' => 'http://www.vita.com/index.php/admin',
  'accept' => 'text/html,application/xhtml+xml,application/xml;q=0.9,image/webp,image/apng,*/*;q=0.8',
  'user-agent' => 'Mozilla/5.0 (Windows NT 10.0; Win64; x64) AppleWebKit/537.36 (KHTML, like Gecko) Chrome/70.0.3538.67 Safari/537.36',
  'upgrade-insecure-requests' => '1',
  'connection' => 'close',
  'host' => 'www.vita.com',
)
[ info ] [ PARAM ] array (
)
[ info ] [ DB ] INIT mysql
[ info ] [ RUN ] app\admin\controller\Bis->apply[ G:\u0umwr\application\admin\controller\Bis.php ]
[ info ] [ LOG ] INIT File
[ sql ] [ DB ] CONNECT:[ UseTime:0.254054s ] mysql:dbname=o2o;host=127.0.0.1;port=3306;charset=utf8
[ sql ] [ SQL ] SHOW COLUMNS FROM `o2o_bis` [ RunTime:0.222660s ]
[ sql ] [ SQL ] SELECT COUNT(*) AS tp_count FROM `o2o_bis` WHERE  `status` = 0 LIMIT 1 [ RunTime:0.065455s ]
[ sql ] [ SQL ] SELECT * FROM `o2o_bis` WHERE  `status` = 0 ORDER BY `id`  desc LIMIT 0,1 [ RunTime:0.000897s ]
[ error ] [8]未定义变量: bis[G:\u0umwr\application\admin\controller\Bis.php:27]

---------------------------------------------------------------
[ 2018-12-18T16:42:35+08:00 ] 127.0.0.1 127.0.0.1 GET /index.php/admin
[ log ] www.vita.com/index.php/admin [运行时间：0.032176s][吞吐率：31.08req/s] [内存消耗：1,044.14kb] [文件加载：38]
[ info ] [ LANG ] G:\u0umwr\thinkphp\lang\zh-cn.php
[ info ] [ ROUTE ] array (
  'type' => 'module',
  'module' => 
  array (
    0 => 'admin',
    1 => NULL,
    2 => NULL,
  ),
)
[ info ] [ HEADER ] array (
  'cookie' => 'pgv_pvi=6630516736',
  'accept-language' => 'zh-CN,zh;q=0.9',
  'accept-encoding' => 'gzip, deflate',
  'accept' => 'text/html,application/xhtml+xml,application/xml;q=0.9,image/webp,image/apng,*/*;q=0.8',
  'user-agent' => 'Mozilla/5.0 (Windows NT 10.0; Win64; x64) AppleWebKit/537.36 (KHTML, like Gecko) Chrome/70.0.3538.67 Safari/537.36',
  'upgrade-insecure-requests' => '1',
  'cache-control' => 'max-age=0',
  'connection' => 'close',
  'host' => 'www.vita.com',
)
[ info ] [ PARAM ] array (
)
[ info ] [ RUN ] app\admin\controller\Index->index[ G:\u0umwr\application\admin\controller\Index.php ]
[ info ] [ VIEW ] G:\u0umwr\public/../application/admin\view\index\index.html [ array (
) ]
[ info ] [ LOG ] INIT File

---------------------------------------------------------------
[ 2018-12-18T16:42:35+08:00 ] 127.0.0.1 127.0.0.1 GET /index.php/admin/index/welcome.html
[ log ] www.vita.com/index.php/admin/index/welcome.html [运行时间：0.030918s][吞吐率：32.34req/s] [内存消耗：1,030.37kb] [文件加载：40]
[ info ] [ LANG ] G:\u0umwr\thinkphp\lang\zh-cn.php
[ info ] [ ROUTE ] array (
  'type' => 'module',
  'module' => 
  array (
    0 => 'admin',
    1 => 'index',
    2 => 'welcome',
  ),
)
[ info ] [ HEADER ] array (
  'cookie' => 'pgv_pvi=6630516736',
  'accept-language' => 'zh-CN,zh;q=0.9',
  'accept-encoding' => 'gzip, deflate',
  'referer' => 'http://www.vita.com/index.php/admin',
  'accept' => 'text/html,application/xhtml+xml,application/xml;q=0.9,image/webp,image/apng,*/*;q=0.8',
  'user-agent' => 'Mozilla/5.0 (Windows NT 10.0; Win64; x64) AppleWebKit/537.36 (KHTML, like Gecko) Chrome/70.0.3538.67 Safari/537.36',
  'upgrade-insecure-requests' => '1',
  'connection' => 'close',
  'host' => 'www.vita.com',
)
[ info ] [ PARAM ] array (
)
[ info ] [ RUN ] app\admin\controller\Index->welcome[ G:\u0umwr\application\admin\controller\Index.php ]
[ info ] [ LOG ] INIT File
[ error ] [0]致命错误: Class 'phpmailer\PHPMailer' not found[G:\u0umwr\extend\phpmailer\Email.php:23]

---------------------------------------------------------------
[ 2018-12-18T16:42:38+08:00 ] 127.0.0.1 127.0.0.1 GET /index.php/admin/bis/apply.html
[ log ] www.vita.com/index.php/admin/bis/apply.html [运行时间：0.063906s][吞吐率：15.65req/s] [内存消耗：1,892.71kb] [文件加载：53]
[ info ] [ LANG ] G:\u0umwr\thinkphp\lang\zh-cn.php
[ info ] [ ROUTE ] array (
  'type' => 'module',
  'module' => 
  array (
    0 => 'admin',
    1 => 'bis',
    2 => 'apply',
  ),
)
[ info ] [ HEADER ] array (
  'cookie' => 'pgv_pvi=6630516736',
  'accept-language' => 'zh-CN,zh;q=0.9',
  'accept-encoding' => 'gzip, deflate',
  'referer' => 'http://www.vita.com/index.php/admin',
  'accept' => 'text/html,application/xhtml+xml,application/xml;q=0.9,image/webp,image/apng,*/*;q=0.8',
  'user-agent' => 'Mozilla/5.0 (Windows NT 10.0; Win64; x64) AppleWebKit/537.36 (KHTML, like Gecko) Chrome/70.0.3538.67 Safari/537.36',
  'upgrade-insecure-requests' => '1',
  'connection' => 'close',
  'host' => 'www.vita.com',
)
[ info ] [ PARAM ] array (
)
[ info ] [ DB ] INIT mysql
[ info ] [ RUN ] app\admin\controller\Bis->apply[ G:\u0umwr\application\admin\controller\Bis.php ]
[ info ] [ LOG ] INIT File
[ sql ] [ DB ] CONNECT:[ UseTime:0.001200s ] mysql:dbname=o2o;host=127.0.0.1;port=3306;charset=utf8
[ sql ] [ SQL ] SHOW COLUMNS FROM `o2o_bis` [ RunTime:0.026562s ]
[ sql ] [ SQL ] SELECT COUNT(*) AS tp_count FROM `o2o_bis` WHERE  `status` = 0 LIMIT 1 [ RunTime:0.000483s ]
[ sql ] [ SQL ] SELECT * FROM `o2o_bis` WHERE  `status` = 0 ORDER BY `id`  desc LIMIT 0,1 [ RunTime:0.000830s ]
[ error ] [8]未定义变量: bis[G:\u0umwr\application\admin\controller\Bis.php:27]

---------------------------------------------------------------
[ 2018-12-18T16:44:49+08:00 ] 127.0.0.1 127.0.0.1 GET /index.php/admin
[ log ] www.vita.com/index.php/admin [运行时间：0.027788s][吞吐率：35.99req/s] [内存消耗：1,044.14kb] [文件加载：38]
[ info ] [ LANG ] G:\u0umwr\thinkphp\lang\zh-cn.php
[ info ] [ ROUTE ] array (
  'type' => 'module',
  'module' => 
  array (
    0 => 'admin',
    1 => NULL,
    2 => NULL,
  ),
)
[ info ] [ HEADER ] array (
  'cookie' => 'pgv_pvi=6630516736',
  'accept-language' => 'zh-CN,zh;q=0.9',
  'accept-encoding' => 'gzip, deflate',
  'accept' => 'text/html,application/xhtml+xml,application/xml;q=0.9,image/webp,image/apng,*/*;q=0.8',
  'user-agent' => 'Mozilla/5.0 (Windows NT 10.0; Win64; x64) AppleWebKit/537.36 (KHTML, like Gecko) Chrome/70.0.3538.67 Safari/537.36',
  'upgrade-insecure-requests' => '1',
  'cache-control' => 'max-age=0',
  'connection' => 'close',
  'host' => 'www.vita.com',
)
[ info ] [ PARAM ] array (
)
[ info ] [ RUN ] app\admin\controller\Index->index[ G:\u0umwr\application\admin\controller\Index.php ]
[ info ] [ VIEW ] G:\u0umwr\public/../application/admin\view\index\index.html [ array (
) ]
[ info ] [ LOG ] INIT File

---------------------------------------------------------------
[ 2018-12-18T16:44:49+08:00 ] 127.0.0.1 127.0.0.1 GET /index.php/admin/index/welcome.html
[ log ] www.vita.com/index.php/admin/index/welcome.html [运行时间：0.034817s][吞吐率：28.72req/s] [内存消耗：1,030.37kb] [文件加载：40]
[ info ] [ LANG ] G:\u0umwr\thinkphp\lang\zh-cn.php
[ info ] [ ROUTE ] array (
  'type' => 'module',
  'module' => 
  array (
    0 => 'admin',
    1 => 'index',
    2 => 'welcome',
  ),
)
[ info ] [ HEADER ] array (
  'cookie' => 'pgv_pvi=6630516736',
  'accept-language' => 'zh-CN,zh;q=0.9',
  'accept-encoding' => 'gzip, deflate',
  'referer' => 'http://www.vita.com/index.php/admin',
  'accept' => 'text/html,application/xhtml+xml,application/xml;q=0.9,image/webp,image/apng,*/*;q=0.8',
  'user-agent' => 'Mozilla/5.0 (Windows NT 10.0; Win64; x64) AppleWebKit/537.36 (KHTML, like Gecko) Chrome/70.0.3538.67 Safari/537.36',
  'upgrade-insecure-requests' => '1',
  'connection' => 'close',
  'host' => 'www.vita.com',
)
[ info ] [ PARAM ] array (
)
[ info ] [ RUN ] app\admin\controller\Index->welcome[ G:\u0umwr\application\admin\controller\Index.php ]
[ info ] [ LOG ] INIT File
[ error ] [0]致命错误: Class 'phpmailer\PHPMailer' not found[G:\u0umwr\extend\phpmailer\Email.php:23]

---------------------------------------------------------------
[ 2018-12-18T16:44:52+08:00 ] 127.0.0.1 127.0.0.1 GET /index.php/admin/bis/apply.html
[ log ] www.vita.com/index.php/admin/bis/apply.html [运行时间：0.126686s][吞吐率：7.89req/s] [内存消耗：1,978.60kb] [文件加载：52]
[ info ] [ LANG ] G:\u0umwr\thinkphp\lang\zh-cn.php
[ info ] [ ROUTE ] array (
  'type' => 'module',
  'module' => 
  array (
    0 => 'admin',
    1 => 'bis',
    2 => 'apply',
  ),
)
[ info ] [ HEADER ] array (
  'cookie' => 'pgv_pvi=6630516736',
  'accept-language' => 'zh-CN,zh;q=0.9',
  'accept-encoding' => 'gzip, deflate',
  'referer' => 'http://www.vita.com/index.php/admin',
  'accept' => 'text/html,application/xhtml+xml,application/xml;q=0.9,image/webp,image/apng,*/*;q=0.8',
  'user-agent' => 'Mozilla/5.0 (Windows NT 10.0; Win64; x64) AppleWebKit/537.36 (KHTML, like Gecko) Chrome/70.0.3538.67 Safari/537.36',
  'upgrade-insecure-requests' => '1',
  'connection' => 'close',
  'host' => 'www.vita.com',
)
[ info ] [ PARAM ] array (
)
[ info ] [ DB ] INIT mysql
[ info ] [ RUN ] app\admin\controller\Bis->apply[ G:\u0umwr\application\admin\controller\Bis.php ]
[ info ] [ VIEW ] G:\u0umwr\public/../application/admin\view\bis\apply.html [ array (
  0 => 'bis',
) ]
[ info ] [ LOG ] INIT File
[ sql ] [ DB ] CONNECT:[ UseTime:0.001243s ] mysql:dbname=o2o;host=127.0.0.1;port=3306;charset=utf8
[ sql ] [ SQL ] SHOW COLUMNS FROM `o2o_bis` [ RunTime:0.029129s ]
[ sql ] [ SQL ] SELECT COUNT(*) AS tp_count FROM `o2o_bis` WHERE  `status` = 0 LIMIT 1 [ RunTime:0.000663s ]
[ sql ] [ SQL ] SELECT * FROM `o2o_bis` WHERE  `status` = 0 ORDER BY `id`  desc LIMIT 0,1 [ RunTime:0.000459s ]

---------------------------------------------------------------
[ 2018-12-18T16:44:56+08:00 ] 127.0.0.1 127.0.0.1 GET /index.php/admin
[ log ] www.vita.com/index.php/admin [运行时间：0.025373s][吞吐率：39.41req/s] [内存消耗：1,044.14kb] [文件加载：38]
[ info ] [ LANG ] G:\u0umwr\thinkphp\lang\zh-cn.php
[ info ] [ ROUTE ] array (
  'type' => 'module',
  'module' => 
  array (
    0 => 'admin',
    1 => NULL,
    2 => NULL,
  ),
)
[ info ] [ HEADER ] array (
  'cookie' => 'pgv_pvi=6630516736',
  'accept-language' => 'zh-CN,zh;q=0.9',
  'accept-encoding' => 'gzip, deflate',
  'accept' => 'text/html,application/xhtml+xml,application/xml;q=0.9,image/webp,image/apng,*/*;q=0.8',
  'user-agent' => 'Mozilla/5.0 (Windows NT 10.0; Win64; x64) AppleWebKit/537.36 (KHTML, like Gecko) Chrome/70.0.3538.67 Safari/537.36',
  'upgrade-insecure-requests' => '1',
  'cache-control' => 'max-age=0',
  'connection' => 'close',
  'host' => 'www.vita.com',
)
[ info ] [ PARAM ] array (
)
[ info ] [ RUN ] app\admin\controller\Index->index[ G:\u0umwr\application\admin\controller\Index.php ]
[ info ] [ VIEW ] G:\u0umwr\public/../application/admin\view\index\index.html [ array (
) ]
[ info ] [ LOG ] INIT File

---------------------------------------------------------------
[ 2018-12-18T16:44:56+08:00 ] 127.0.0.1 127.0.0.1 GET /index.php/admin/index/welcome.html
[ log ] www.vita.com/index.php/admin/index/welcome.html [运行时间：0.030506s][吞吐率：32.78req/s] [内存消耗：1,030.37kb] [文件加载：40]
[ info ] [ LANG ] G:\u0umwr\thinkphp\lang\zh-cn.php
[ info ] [ ROUTE ] array (
  'type' => 'module',
  'module' => 
  array (
    0 => 'admin',
    1 => 'index',
    2 => 'welcome',
  ),
)
[ info ] [ HEADER ] array (
  'cookie' => 'pgv_pvi=6630516736',
  'accept-language' => 'zh-CN,zh;q=0.9',
  'accept-encoding' => 'gzip, deflate',
  'referer' => 'http://www.vita.com/index.php/admin',
  'accept' => 'text/html,application/xhtml+xml,application/xml;q=0.9,image/webp,image/apng,*/*;q=0.8',
  'user-agent' => 'Mozilla/5.0 (Windows NT 10.0; Win64; x64) AppleWebKit/537.36 (KHTML, like Gecko) Chrome/70.0.3538.67 Safari/537.36',
  'upgrade-insecure-requests' => '1',
  'connection' => 'close',
  'host' => 'www.vita.com',
)
[ info ] [ PARAM ] array (
)
[ info ] [ RUN ] app\admin\controller\Index->welcome[ G:\u0umwr\application\admin\controller\Index.php ]
[ info ] [ LOG ] INIT File
[ error ] [0]致命错误: Class 'phpmailer\PHPMailer' not found[G:\u0umwr\extend\phpmailer\Email.php:23]

---------------------------------------------------------------
[ 2018-12-18T16:45:01+08:00 ] 127.0.0.1 127.0.0.1 GET /index.php/admin/bis/apply.html
[ log ] www.vita.com/index.php/admin/bis/apply.html [运行时间：0.060891s][吞吐率：16.42req/s] [内存消耗：1,799.13kb] [文件加载：50]
[ info ] [ LANG ] G:\u0umwr\thinkphp\lang\zh-cn.php
[ info ] [ ROUTE ] array (
  'type' => 'module',
  'module' => 
  array (
    0 => 'admin',
    1 => 'bis',
    2 => 'apply',
  ),
)
[ info ] [ HEADER ] array (
  'cookie' => 'pgv_pvi=6630516736',
  'accept-language' => 'zh-CN,zh;q=0.9',
  'accept-encoding' => 'gzip, deflate',
  'referer' => 'http://www.vita.com/index.php/admin',
  'accept' => 'text/html,application/xhtml+xml,application/xml;q=0.9,image/webp,image/apng,*/*;q=0.8',
  'user-agent' => 'Mozilla/5.0 (Windows NT 10.0; Win64; x64) AppleWebKit/537.36 (KHTML, like Gecko) Chrome/70.0.3538.67 Safari/537.36',
  'upgrade-insecure-requests' => '1',
  'connection' => 'close',
  'host' => 'www.vita.com',
)
[ info ] [ PARAM ] array (
)
[ info ] [ DB ] INIT mysql
[ info ] [ RUN ] app\admin\controller\Bis->apply[ G:\u0umwr\application\admin\controller\Bis.php ]
[ info ] [ VIEW ] G:\u0umwr\public/../application/admin\view\bis\apply.html [ array (
  0 => 'bis',
) ]
[ info ] [ LOG ] INIT File
[ sql ] [ DB ] CONNECT:[ UseTime:0.001150s ] mysql:dbname=o2o;host=127.0.0.1;port=3306;charset=utf8
[ sql ] [ SQL ] SHOW COLUMNS FROM `o2o_bis` [ RunTime:0.025399s ]
[ sql ] [ SQL ] SELECT COUNT(*) AS tp_count FROM `o2o_bis` WHERE  `status` = 0 LIMIT 1 [ RunTime:0.000530s ]
[ sql ] [ SQL ] SELECT * FROM `o2o_bis` WHERE  `status` = 0 ORDER BY `id`  desc LIMIT 0,1 [ RunTime:0.000549s ]

---------------------------------------------------------------
[ 2018-12-18T16:54:33+08:00 ] 127.0.0.1 127.0.0.1 GET /index.php/admin
[ log ] www.vita.com/index.php/admin [运行时间：0.033439s][吞吐率：29.91req/s] [内存消耗：1,044.81kb] [文件加载：38]
[ info ] [ LANG ] G:\u0umwr\thinkphp\lang\zh-cn.php
[ info ] [ ROUTE ] array (
  'type' => 'module',
  'module' => 
  array (
    0 => 'admin',
    1 => NULL,
    2 => NULL,
  ),
)
[ info ] [ HEADER ] array (
  'cookie' => 'pgv_pvi=6630516736',
  'accept-language' => 'zh-CN,zh;q=0.9',
  'accept-encoding' => 'gzip, deflate',
  'accept' => 'text/html,application/xhtml+xml,application/xml;q=0.9,image/webp,image/apng,*/*;q=0.8',
  'user-agent' => 'Mozilla/5.0 (Windows NT 10.0; Win64; x64) AppleWebKit/537.36 (KHTML, like Gecko) Chrome/70.0.3538.67 Safari/537.36',
  'upgrade-insecure-requests' => '1',
  'cache-control' => 'max-age=0',
  'connection' => 'close',
  'host' => 'www.vita.com',
)
[ info ] [ PARAM ] array (
)
[ info ] [ RUN ] app\admin\controller\Index->index[ G:\u0umwr\application\admin\controller\Index.php ]
[ info ] [ VIEW ] G:\u0umwr\public/../application/admin\view\index\index.html [ array (
) ]
[ info ] [ LOG ] INIT File

---------------------------------------------------------------
[ 2018-12-18T16:54:33+08:00 ] 127.0.0.1 127.0.0.1 GET /index.php/admin/index/welcome.html
[ log ] www.vita.com/index.php/admin/index/welcome.html [运行时间：0.031087s][吞吐率：32.17req/s] [内存消耗：1,031.04kb] [文件加载：40]
[ info ] [ LANG ] G:\u0umwr\thinkphp\lang\zh-cn.php
[ info ] [ ROUTE ] array (
  'type' => 'module',
  'module' => 
  array (
    0 => 'admin',
    1 => 'index',
    2 => 'welcome',
  ),
)
[ info ] [ HEADER ] array (
  'cookie' => 'pgv_pvi=6630516736',
  'accept-language' => 'zh-CN,zh;q=0.9',
  'accept-encoding' => 'gzip, deflate',
  'referer' => 'http://www.vita.com/index.php/admin',
  'accept' => 'text/html,application/xhtml+xml,application/xml;q=0.9,image/webp,image/apng,*/*;q=0.8',
  'user-agent' => 'Mozilla/5.0 (Windows NT 10.0; Win64; x64) AppleWebKit/537.36 (KHTML, like Gecko) Chrome/70.0.3538.67 Safari/537.36',
  'upgrade-insecure-requests' => '1',
  'connection' => 'close',
  'host' => 'www.vita.com',
)
[ info ] [ PARAM ] array (
)
[ info ] [ RUN ] app\admin\controller\Index->welcome[ G:\u0umwr\application\admin\controller\Index.php ]
[ info ] [ LOG ] INIT File
[ error ] [0]致命错误: Class 'phpmailer\PHPMailer' not found[G:\u0umwr\extend\phpmailer\Email.php:23]

---------------------------------------------------------------
[ 2018-12-18T16:54:38+08:00 ] 127.0.0.1 127.0.0.1 GET /index.php/admin/category/index.html
[ log ] www.vita.com/index.php/admin/category/index.html [运行时间：0.224264s][吞吐率：4.46req/s] [内存消耗：2,034.94kb] [文件加载：52]
[ info ] [ LANG ] G:\u0umwr\thinkphp\lang\zh-cn.php
[ info ] [ ROUTE ] array (
  'type' => 'module',
  'module' => 
  array (
    0 => 'admin',
    1 => 'category',
    2 => 'index',
  ),
)
[ info ] [ HEADER ] array (
  'cookie' => 'pgv_pvi=6630516736',
  'accept-language' => 'zh-CN,zh;q=0.9',
  'accept-encoding' => 'gzip, deflate',
  'referer' => 'http://www.vita.com/index.php/admin',
  'accept' => 'text/html,application/xhtml+xml,application/xml;q=0.9,image/webp,image/apng,*/*;q=0.8',
  'user-agent' => 'Mozilla/5.0 (Windows NT 10.0; Win64; x64) AppleWebKit/537.36 (KHTML, like Gecko) Chrome/70.0.3538.67 Safari/537.36',
  'upgrade-insecure-requests' => '1',
  'connection' => 'close',
  'host' => 'www.vita.com',
)
[ info ] [ PARAM ] array (
)
[ info ] [ DB ] INIT mysql
[ info ] [ RUN ] app\admin\controller\Category->index[ G:\u0umwr\application\admin\controller\Category.php ]
[ info ] [ VIEW ] G:\u0umwr\public/../application/admin\view\category\index.html [ array (
  0 => 'categorys',
) ]
[ info ] [ LOG ] INIT File
[ sql ] [ DB ] CONNECT:[ UseTime:0.002087s ] mysql:dbname=o2o;host=127.0.0.1;port=3306;charset=utf8
[ sql ] [ SQL ] SHOW COLUMNS FROM `o2o_category` [ RunTime:0.065219s ]
[ sql ] [ SQL ] SELECT COUNT(*) AS tp_count FROM `o2o_category` WHERE  `parent_id` = 0  AND `status` <> -1 LIMIT 1 [ RunTime:0.000525s ]
[ sql ] [ SQL ] SELECT * FROM `o2o_category` WHERE  `parent_id` = 0  AND `status` <> -1 ORDER BY `listorder`  desc,`id`  desc LIMIT 0,15 [ RunTime:0.012898s ]

---------------------------------------------------------------
[ 2018-12-18T17:28:15+08:00 ] 127.0.0.1 127.0.0.1 GET /index.php/admin
[ log ] www.vita.com/index.php/admin [运行时间：0.027349s][吞吐率：36.56req/s] [内存消耗：1,044.81kb] [文件加载：38]
[ info ] [ LANG ] G:\u0umwr\thinkphp\lang\zh-cn.php
[ info ] [ ROUTE ] array (
  'type' => 'module',
  'module' => 
  array (
    0 => 'admin',
    1 => NULL,
    2 => NULL,
  ),
)
[ info ] [ HEADER ] array (
  'cookie' => 'pgv_pvi=6630516736',
  'accept-language' => 'zh-CN,zh;q=0.9',
  'accept-encoding' => 'gzip, deflate',
  'accept' => 'text/html,application/xhtml+xml,application/xml;q=0.9,image/webp,image/apng,*/*;q=0.8',
  'user-agent' => 'Mozilla/5.0 (Windows NT 10.0; Win64; x64) AppleWebKit/537.36 (KHTML, like Gecko) Chrome/70.0.3538.67 Safari/537.36',
  'upgrade-insecure-requests' => '1',
  'cache-control' => 'max-age=0',
  'connection' => 'close',
  'host' => 'www.vita.com',
)
[ info ] [ PARAM ] array (
)
[ info ] [ RUN ] app\admin\controller\Index->index[ G:\u0umwr\application\admin\controller\Index.php ]
[ info ] [ VIEW ] G:\u0umwr\public/../application/admin\view\index\index.html [ array (
) ]
[ info ] [ LOG ] INIT File

---------------------------------------------------------------
[ 2018-12-18T17:28:15+08:00 ] 127.0.0.1 127.0.0.1 GET /index.php/admin/index/welcome.html
[ log ] www.vita.com/index.php/admin/index/welcome.html [运行时间：0.027789s][吞吐率：35.99req/s] [内存消耗：1,031.04kb] [文件加载：40]
[ info ] [ LANG ] G:\u0umwr\thinkphp\lang\zh-cn.php
[ info ] [ ROUTE ] array (
  'type' => 'module',
  'module' => 
  array (
    0 => 'admin',
    1 => 'index',
    2 => 'welcome',
  ),
)
[ info ] [ HEADER ] array (
  'cookie' => 'pgv_pvi=6630516736',
  'accept-language' => 'zh-CN,zh;q=0.9',
  'accept-encoding' => 'gzip, deflate',
  'referer' => 'http://www.vita.com/index.php/admin',
  'accept' => 'text/html,application/xhtml+xml,application/xml;q=0.9,image/webp,image/apng,*/*;q=0.8',
  'user-agent' => 'Mozilla/5.0 (Windows NT 10.0; Win64; x64) AppleWebKit/537.36 (KHTML, like Gecko) Chrome/70.0.3538.67 Safari/537.36',
  'upgrade-insecure-requests' => '1',
  'connection' => 'close',
  'host' => 'www.vita.com',
)
[ info ] [ PARAM ] array (
)
[ info ] [ RUN ] app\admin\controller\Index->welcome[ G:\u0umwr\application\admin\controller\Index.php ]
[ info ] [ LOG ] INIT File
[ error ] [0]致命错误: Class 'phpmailer\PHPMailer' not found[G:\u0umwr\extend\phpmailer\Email.php:23]

---------------------------------------------------------------
[ 2018-12-18T17:28:18+08:00 ] 127.0.0.1 127.0.0.1 GET /index.php/admin/bis/apply.html
[ log ] www.vita.com/index.php/admin/bis/apply.html [运行时间：0.104576s][吞吐率：9.56req/s] [内存消耗：1,978.97kb] [文件加载：52]
[ info ] [ LANG ] G:\u0umwr\thinkphp\lang\zh-cn.php
[ info ] [ ROUTE ] array (
  'type' => 'module',
  'module' => 
  array (
    0 => 'admin',
    1 => 'bis',
    2 => 'apply',
  ),
)
[ info ] [ HEADER ] array (
  'cookie' => 'pgv_pvi=6630516736',
  'accept-language' => 'zh-CN,zh;q=0.9',
  'accept-encoding' => 'gzip, deflate',
  'referer' => 'http://www.vita.com/index.php/admin',
  'accept' => 'text/html,application/xhtml+xml,application/xml;q=0.9,image/webp,image/apng,*/*;q=0.8',
  'user-agent' => 'Mozilla/5.0 (Windows NT 10.0; Win64; x64) AppleWebKit/537.36 (KHTML, like Gecko) Chrome/70.0.3538.67 Safari/537.36',
  'upgrade-insecure-requests' => '1',
  'connection' => 'close',
  'host' => 'www.vita.com',
)
[ info ] [ PARAM ] array (
)
[ info ] [ DB ] INIT mysql
[ info ] [ RUN ] app\admin\controller\Bis->apply[ G:\u0umwr\application\admin\controller\Bis.php ]
[ info ] [ VIEW ] G:\u0umwr\public/../application/admin\view\bis\apply.html [ array (
  0 => 'bis',
) ]
[ info ] [ LOG ] INIT File
[ sql ] [ DB ] CONNECT:[ UseTime:0.025172s ] mysql:dbname=o2o;host=127.0.0.1;port=3306;charset=utf8
[ sql ] [ SQL ] SHOW COLUMNS FROM `o2o_bis` [ RunTime:0.031652s ]
[ sql ] [ SQL ] SELECT COUNT(*) AS tp_count FROM `o2o_bis` WHERE  `status` = 0 LIMIT 1 [ RunTime:0.000618s ]
[ sql ] [ SQL ] SELECT * FROM `o2o_bis` WHERE  `status` = 0 ORDER BY `id`  desc LIMIT 0,1 [ RunTime:0.000419s ]

---------------------------------------------------------------
[ 2018-12-18T17:29:27+08:00 ] 127.0.0.1 127.0.0.1 GET /index.php/admin
[ log ] www.vita.com/index.php/admin [运行时间：0.032652s][吞吐率：30.63req/s] [内存消耗：1,044.81kb] [文件加载：38]
[ info ] [ LANG ] G:\u0umwr\thinkphp\lang\zh-cn.php
[ info ] [ ROUTE ] array (
  'type' => 'module',
  'module' => 
  array (
    0 => 'admin',
    1 => NULL,
    2 => NULL,
  ),
)
[ info ] [ HEADER ] array (
  'cookie' => 'pgv_pvi=6630516736',
  'accept-language' => 'zh-CN,zh;q=0.9',
  'accept-encoding' => 'gzip, deflate',
  'accept' => 'text/html,application/xhtml+xml,application/xml;q=0.9,image/webp,image/apng,*/*;q=0.8',
  'user-agent' => 'Mozilla/5.0 (Windows NT 10.0; Win64; x64) AppleWebKit/537.36 (KHTML, like Gecko) Chrome/70.0.3538.67 Safari/537.36',
  'upgrade-insecure-requests' => '1',
  'cache-control' => 'max-age=0',
  'connection' => 'close',
  'host' => 'www.vita.com',
)
[ info ] [ PARAM ] array (
)
[ info ] [ RUN ] app\admin\controller\Index->index[ G:\u0umwr\application\admin\controller\Index.php ]
[ info ] [ VIEW ] G:\u0umwr\public/../application/admin\view\index\index.html [ array (
) ]
[ info ] [ LOG ] INIT File

---------------------------------------------------------------
[ 2018-12-18T17:29:27+08:00 ] 127.0.0.1 127.0.0.1 GET /index.php/admin/index/welcome.html
[ log ] www.vita.com/index.php/admin/index/welcome.html [运行时间：0.027587s][吞吐率：36.25req/s] [内存消耗：1,031.04kb] [文件加载：40]
[ info ] [ LANG ] G:\u0umwr\thinkphp\lang\zh-cn.php
[ info ] [ ROUTE ] array (
  'type' => 'module',
  'module' => 
  array (
    0 => 'admin',
    1 => 'index',
    2 => 'welcome',
  ),
)
[ info ] [ HEADER ] array (
  'cookie' => 'pgv_pvi=6630516736',
  'accept-language' => 'zh-CN,zh;q=0.9',
  'accept-encoding' => 'gzip, deflate',
  'referer' => 'http://www.vita.com/index.php/admin',
  'accept' => 'text/html,application/xhtml+xml,application/xml;q=0.9,image/webp,image/apng,*/*;q=0.8',
  'user-agent' => 'Mozilla/5.0 (Windows NT 10.0; Win64; x64) AppleWebKit/537.36 (KHTML, like Gecko) Chrome/70.0.3538.67 Safari/537.36',
  'upgrade-insecure-requests' => '1',
  'connection' => 'close',
  'host' => 'www.vita.com',
)
[ info ] [ PARAM ] array (
)
[ info ] [ RUN ] app\admin\controller\Index->welcome[ G:\u0umwr\application\admin\controller\Index.php ]
[ info ] [ LOG ] INIT File
[ error ] [0]致命错误: Class 'phpmailer\PHPMailer' not found[G:\u0umwr\extend\phpmailer\Email.php:23]

---------------------------------------------------------------
[ 2018-12-18T17:29:29+08:00 ] 127.0.0.1 127.0.0.1 GET /index.php/admin/category/index.html
[ log ] www.vita.com/index.php/admin/category/index.html [运行时间：0.074503s][吞吐率：13.42req/s] [内存消耗：1,908.41kb] [文件加载：50]
[ info ] [ LANG ] G:\u0umwr\thinkphp\lang\zh-cn.php
[ info ] [ ROUTE ] array (
  'type' => 'module',
  'module' => 
  array (
    0 => 'admin',
    1 => 'category',
    2 => 'index',
  ),
)
[ info ] [ HEADER ] array (
  'cookie' => 'pgv_pvi=6630516736',
  'accept-language' => 'zh-CN,zh;q=0.9',
  'accept-encoding' => 'gzip, deflate',
  'referer' => 'http://www.vita.com/index.php/admin',
  'accept' => 'text/html,application/xhtml+xml,application/xml;q=0.9,image/webp,image/apng,*/*;q=0.8',
  'user-agent' => 'Mozilla/5.0 (Windows NT 10.0; Win64; x64) AppleWebKit/537.36 (KHTML, like Gecko) Chrome/70.0.3538.67 Safari/537.36',
  'upgrade-insecure-requests' => '1',
  'connection' => 'close',
  'host' => 'www.vita.com',
)
[ info ] [ PARAM ] array (
)
[ info ] [ DB ] INIT mysql
[ info ] [ RUN ] app\admin\controller\Category->index[ G:\u0umwr\application\admin\controller\Category.php ]
[ info ] [ VIEW ] G:\u0umwr\public/../application/admin\view\category\index.html [ array (
  0 => 'categorys',
) ]
[ info ] [ LOG ] INIT File
[ sql ] [ DB ] CONNECT:[ UseTime:0.001201s ] mysql:dbname=o2o;host=127.0.0.1;port=3306;charset=utf8
[ sql ] [ SQL ] SHOW COLUMNS FROM `o2o_category` [ RunTime:0.030989s ]
[ sql ] [ SQL ] SELECT COUNT(*) AS tp_count FROM `o2o_category` WHERE  `parent_id` = 0  AND `status` <> -1 LIMIT 1 [ RunTime:0.000611s ]
[ sql ] [ SQL ] SELECT * FROM `o2o_category` WHERE  `parent_id` = 0  AND `status` <> -1 ORDER BY `listorder`  desc,`id`  desc LIMIT 0,3 [ RunTime:0.000773s ]

---------------------------------------------------------------
[ 2018-12-18T17:29:32+08:00 ] 127.0.0.1 127.0.0.1 GET /index.php/admin/category/index.html?page=2
[ log ] www.vita.com/index.php/admin/category/index.html?page=2 [运行时间：0.086466s][吞吐率：11.57req/s] [内存消耗：1,907.84kb] [文件加载：50]
[ info ] [ LANG ] G:\u0umwr\thinkphp\lang\zh-cn.php
[ info ] [ ROUTE ] array (
  'type' => 'module',
  'module' => 
  array (
    0 => 'admin',
    1 => 'category',
    2 => 'index',
  ),
)
[ info ] [ HEADER ] array (
  'cookie' => 'pgv_pvi=6630516736',
  'accept-language' => 'zh-CN,zh;q=0.9',
  'accept-encoding' => 'gzip, deflate',
  'referer' => 'http://www.vita.com/index.php/admin/category/index.html',
  'accept' => 'text/html,application/xhtml+xml,application/xml;q=0.9,image/webp,image/apng,*/*;q=0.8',
  'user-agent' => 'Mozilla/5.0 (Windows NT 10.0; Win64; x64) AppleWebKit/537.36 (KHTML, like Gecko) Chrome/70.0.3538.67 Safari/537.36',
  'upgrade-insecure-requests' => '1',
  'connection' => 'close',
  'host' => 'www.vita.com',
)
[ info ] [ PARAM ] array (
  'page' => '2',
)
[ info ] [ DB ] INIT mysql
[ info ] [ RUN ] app\admin\controller\Category->index[ G:\u0umwr\application\admin\controller\Category.php ]
[ info ] [ VIEW ] G:\u0umwr\public/../application/admin\view\category\index.html [ array (
  0 => 'categorys',
) ]
[ info ] [ LOG ] INIT File
[ sql ] [ DB ] CONNECT:[ UseTime:0.001162s ] mysql:dbname=o2o;host=127.0.0.1;port=3306;charset=utf8
[ sql ] [ SQL ] SHOW COLUMNS FROM `o2o_category` [ RunTime:0.024168s ]
[ sql ] [ SQL ] SELECT COUNT(*) AS tp_count FROM `o2o_category` WHERE  `parent_id` = 0  AND `status` <> -1 LIMIT 1 [ RunTime:0.000465s ]
[ sql ] [ SQL ] SELECT * FROM `o2o_category` WHERE  `parent_id` = 0  AND `status` <> -1 ORDER BY `listorder`  desc,`id`  desc LIMIT 3,3 [ RunTime:0.000389s ]

---------------------------------------------------------------
